#
# There is insufficient memory for the Java Runtime Environment to continue.
# Native memory allocation (malloc) failed to allocate 32744 bytes for ChunkPool::allocate
# Possible reasons:
#   The system is out of physical RAM or swap space
#   The process is running with CompressedOops enabled, and the Java Heap may be blocking the growth of the native heap
# Possible solutions:
#   Reduce memory load on the system
#   Increase physical memory or swap space
#   Check if swap backing store is full
#   Decrease Java heap size (-Xmx/-Xms)
#   Decrease number of Java threads
#   Decrease Java thread stack sizes (-Xss)
#   Set larger code cache with -XX:ReservedCodeCacheSize=
#   JVM is running with Unscaled Compressed Oops mode in which the Java heap is
#     placed in the first 4GB address space. The Java Heap base address is the
#     maximum limit for the native heap growth. Please use -XX:HeapBaseMinAddress
#     to set the Java Heap base and to place the Java Heap above 4GB virtual address.
# This output file may be truncated or incomplete.
#
#  Out of Memory Error (./open/src/hotspot/share/memory/arena.cpp:79), pid=16392, tid=10436
#
# JRE version: OpenJDK Runtime Environment (15.0.2+7) (build 15.0.2+7-27)
# Java VM: OpenJDK 64-Bit Server VM (15.0.2+7-27, mixed mode, tiered, compressed oops, g1 gc, windows-amd64)
# No core dump will be written. Minidumps are not enabled by default on client versions of Windows
#

---------------  S U M M A R Y ------------

Command Line: -Dfile.encoding=Cp1252 -XX:+ShowCodeDetailsInExceptionMessages ExercicioPratico_17_Setembro.EX_5_1B

Host: AMD Athlon 3000G with Radeon Vega Graphics     , 4 cores, 5G,  Windows 10 , 64 bit Build 18362 (10.0.18362.1500)
Time: Fri Sep 17 11:17:17 2021 Hora oficial do Brasil elapsed time: 0.109277 seconds (0d 0h 0m 0s)

---------------  T H R E A D  ---------------

Current thread (0x0000020bdb0ffdc0):  JavaThread "C1 CompilerThread0" daemon [_thread_in_native, id=10436, stack(0x00000072bc000000,0x00000072bc100000)]


Current CompileTask:
C1:    109   21       3       java.util.Set::of (68 bytes)

Stack: [0x00000072bc000000,0x00000072bc100000]
Native frames: (J=compiled Java code, j=interpreted, Vv=VM code, C=native code)
V  [jvm.dll+0x62ae9a]
V  [jvm.dll+0x7817a9]
V  [jvm.dll+0x782f03]
V  [jvm.dll+0x783563]
V  [jvm.dll+0x216325]
V  [jvm.dll+0x982cf]
V  [jvm.dll+0x9861c]
V  [jvm.dll+0x1391a0]
V  [jvm.dll+0x13e5d8]
V  [jvm.dll+0x1398fe]
V  [jvm.dll+0x1278f0]
V  [jvm.dll+0x10ffd9]
V  [jvm.dll+0x10f91f]
V  [jvm.dll+0x10fb54]
V  [jvm.dll+0x10ee92]
V  [jvm.dll+0x110d2c]
V  [jvm.dll+0x1f9225]
V  [jvm.dll+0x1f72cc]
V  [jvm.dll+0x74495d]
V  [jvm.dll+0x73d75a]
V  [jvm.dll+0x629c56]
C  [ucrtbase.dll+0x210b2]
C  [KERNEL32.DLL+0x17c24]
C  [ntdll.dll+0x6d721]


---------------  P R O C E S S  ---------------

Threads class SMR info:
_java_thread_list=0x0000020bdb0f1bc0, length=9, elements={
0x0000020bc20a9410, 0x0000020bda889030, 0x0000020bda889ae0, 0x0000020bdb0af260,
0x0000020bdb0f5140, 0x0000020bdb0fa020, 0x0000020bdb0fe300, 0x0000020bdb0ffdc0,
0x0000020bdb1756e0
}

Java Threads: ( => current thread )
  0x0000020bc20a9410 JavaThread "main" [_thread_in_vm, id=15136, stack(0x00000072bb300000,0x00000072bb400000)]
  0x0000020bda889030 JavaThread "Reference Handler" daemon [_thread_blocked, id=15516, stack(0x00000072bba00000,0x00000072bbb00000)]
  0x0000020bda889ae0 JavaThread "Finalizer" daemon [_thread_blocked, id=15528, stack(0x00000072bbb00000,0x00000072bbc00000)]
  0x0000020bdb0af260 JavaThread "Signal Dispatcher" daemon [_thread_blocked, id=2472, stack(0x00000072bbc00000,0x00000072bbd00000)]
  0x0000020bdb0f5140 JavaThread "Attach Listener" daemon [_thread_blocked, id=20728, stack(0x00000072bbd00000,0x00000072bbe00000)]
  0x0000020bdb0fa020 JavaThread "Service Thread" daemon [_thread_blocked, id=13340, stack(0x00000072bbe00000,0x00000072bbf00000)]
  0x0000020bdb0fe300 JavaThread "C2 CompilerThread0" daemon [_thread_in_native, id=19124, stack(0x00000072bbf00000,0x00000072bc000000)]
=>0x0000020bdb0ffdc0 JavaThread "C1 CompilerThread0" daemon [_thread_in_native, id=10436, stack(0x00000072bc000000,0x00000072bc100000)]
  0x0000020bdb1756e0 JavaThread "Sweeper thread" daemon [_thread_blocked, id=240, stack(0x00000072bc100000,0x00000072bc200000)]

Other Threads:
  0x0000020bdb09e3e0 VMThread "VM Thread" [stack: 0x00000072bb900000,0x00000072bba00000] [id=10976]
  0x0000020bc20e4ab0 GCTaskThread "GC Thread#0" [stack: 0x00000072bb400000,0x00000072bb500000] [id=3500]
  0x0000020bc20f1c00 ConcurrentGCThread "G1 Main Marker" [stack: 0x00000072bb500000,0x00000072bb600000] [id=9360]
  0x0000020bc20f4020 ConcurrentGCThread "G1 Conc#0" [stack: 0x00000072bb600000,0x00000072bb700000] [id=3956]
  0x0000020bda6b00a0 ConcurrentGCThread "G1 Refine#0" [stack: 0x00000072bb700000,0x00000072bb800000] [id=10268]
  0x0000020bda6b0d20 ConcurrentGCThread "G1 Young RemSet Sampling" [stack: 0x00000072bb800000,0x00000072bb900000] [id=19660]

Threads with active compile tasks:
C2 CompilerThread0      140   16       4       java.lang.StringLatin1::hashCode (42 bytes)
C1 CompilerThread0      140   21       3       java.util.Set::of (68 bytes)

VM state: not at safepoint (normal execution)

VM Mutex/Monitor currently owned by a thread:  ([mutex/lock_event])
[0x0000020bc20a4e50] MultiArray_lock - owner thread: 0x0000020bc20a9410

Heap address: 0x00000000a0c00000, size: 1524 MB, Compressed Oops mode: 32-bit
CDS disabled.
Compressed class space mapped at: 0x0000000100000000-0x0000000140000000, size: 1073741824
Narrow klass base: 0x0000000000000000, Narrow klass shift: 3, Narrow klass range: 0x140000000

GC Precious Log:
 CPUs: 4 total, 4 available
 Memory: 6095M
 Large Page Support: Disabled
 NUMA Support: Disabled
 Compressed Oops: Enabled (32-bit)
 Heap Region Size: 1M
 Heap Min Capacity: 8M
 Heap Initial Capacity: 96M
 Heap Max Capacity: 1524M
 Pre-touch: Disabled
 Parallel Workers: 4
 Concurrent Workers: 1
 Concurrent Refinement Workers: 4
 Periodic GC: Disabled

Heap:
 garbage-first heap   total 98304K, used 0K [0x00000000a0c00000, 0x0000000100000000)
  region size 1024K, 1 young (1024K), 0 survivors (0K)
 Metaspace       used 2869K, capacity 4480K, committed 4480K, reserved 1056768K
  class space    used 219K, capacity 384K, committed 384K, reserved 1048576K

Heap Regions: E=young(eden), S=young(survivor), O=old, HS=humongous(starts), HC=humongous(continues), CS=collection set, F=free, OA=open archive, CA=closed archive, TAMS=top-at-mark-start (previous, next)
|   0|0x00000000a0c00000, 0x00000000a0c00000, 0x00000000a0d00000|  0%| F|  |TAMS 0x00000000a0c00000, 0x00000000a0c00000| Untracked 
|   1|0x00000000a0d00000, 0x00000000a0d00000, 0x00000000a0e00000|  0%| F|  |TAMS 0x00000000a0d00000, 0x00000000a0d00000| Untracked 
|   2|0x00000000a0e00000, 0x00000000a0e00000, 0x00000000a0f00000|  0%| F|  |TAMS 0x00000000a0e00000, 0x00000000a0e00000| Untracked 
|   3|0x00000000a0f00000, 0x00000000a0f00000, 0x00000000a1000000|  0%| F|  |TAMS 0x00000000a0f00000, 0x00000000a0f00000| Untracked 
|   4|0x00000000a1000000, 0x00000000a1000000, 0x00000000a1100000|  0%| F|  |TAMS 0x00000000a1000000, 0x00000000a1000000| Untracked 
|   5|0x00000000a1100000, 0x00000000a1100000, 0x00000000a1200000|  0%| F|  |TAMS 0x00000000a1100000, 0x00000000a1100000| Untracked 
|   6|0x00000000a1200000, 0x00000000a1200000, 0x00000000a1300000|  0%| F|  |TAMS 0x00000000a1200000, 0x00000000a1200000| Untracked 
|   7|0x00000000a1300000, 0x00000000a1300000, 0x00000000a1400000|  0%| F|  |TAMS 0x00000000a1300000, 0x00000000a1300000| Untracked 
|   8|0x00000000a1400000, 0x00000000a1400000, 0x00000000a1500000|  0%| F|  |TAMS 0x00000000a1400000, 0x00000000a1400000| Untracked 
|   9|0x00000000a1500000, 0x00000000a1500000, 0x00000000a1600000|  0%| F|  |TAMS 0x00000000a1500000, 0x00000000a1500000| Untracked 
|  10|0x00000000a1600000, 0x00000000a1600000, 0x00000000a1700000|  0%| F|  |TAMS 0x00000000a1600000, 0x00000000a1600000| Untracked 
|  11|0x00000000a1700000, 0x00000000a1700000, 0x00000000a1800000|  0%| F|  |TAMS 0x00000000a1700000, 0x00000000a1700000| Untracked 
|  12|0x00000000a1800000, 0x00000000a1800000, 0x00000000a1900000|  0%| F|  |TAMS 0x00000000a1800000, 0x00000000a1800000| Untracked 
|  13|0x00000000a1900000, 0x00000000a1900000, 0x00000000a1a00000|  0%| F|  |TAMS 0x00000000a1900000, 0x00000000a1900000| Untracked 
|  14|0x00000000a1a00000, 0x00000000a1a00000, 0x00000000a1b00000|  0%| F|  |TAMS 0x00000000a1a00000, 0x00000000a1a00000| Untracked 
|  15|0x00000000a1b00000, 0x00000000a1b00000, 0x00000000a1c00000|  0%| F|  |TAMS 0x00000000a1b00000, 0x00000000a1b00000| Untracked 
|  16|0x00000000a1c00000, 0x00000000a1c00000, 0x00000000a1d00000|  0%| F|  |TAMS 0x00000000a1c00000, 0x00000000a1c00000| Untracked 
|  17|0x00000000a1d00000, 0x00000000a1d00000, 0x00000000a1e00000|  0%| F|  |TAMS 0x00000000a1d00000, 0x00000000a1d00000| Untracked 
|  18|0x00000000a1e00000, 0x00000000a1e00000, 0x00000000a1f00000|  0%| F|  |TAMS 0x00000000a1e00000, 0x00000000a1e00000| Untracked 
|  19|0x00000000a1f00000, 0x00000000a1f00000, 0x00000000a2000000|  0%| F|  |TAMS 0x00000000a1f00000, 0x00000000a1f00000| Untracked 
|  20|0x00000000a2000000, 0x00000000a2000000, 0x00000000a2100000|  0%| F|  |TAMS 0x00000000a2000000, 0x00000000a2000000| Untracked 
|  21|0x00000000a2100000, 0x00000000a2100000, 0x00000000a2200000|  0%| F|  |TAMS 0x00000000a2100000, 0x00000000a2100000| Untracked 
|  22|0x00000000a2200000, 0x00000000a2200000, 0x00000000a2300000|  0%| F|  |TAMS 0x00000000a2200000, 0x00000000a2200000| Untracked 
|  23|0x00000000a2300000, 0x00000000a2300000, 0x00000000a2400000|  0%| F|  |TAMS 0x00000000a2300000, 0x00000000a2300000| Untracked 
|  24|0x00000000a2400000, 0x00000000a2400000, 0x00000000a2500000|  0%| F|  |TAMS 0x00000000a2400000, 0x00000000a2400000| Untracked 
|  25|0x00000000a2500000, 0x00000000a2500000, 0x00000000a2600000|  0%| F|  |TAMS 0x00000000a2500000, 0x00000000a2500000| Untracked 
|  26|0x00000000a2600000, 0x00000000a2600000, 0x00000000a2700000|  0%| F|  |TAMS 0x00000000a2600000, 0x00000000a2600000| Untracked 
|  27|0x00000000a2700000, 0x00000000a2700000, 0x00000000a2800000|  0%| F|  |TAMS 0x00000000a2700000, 0x00000000a2700000| Untracked 
|  28|0x00000000a2800000, 0x00000000a2800000, 0x00000000a2900000|  0%| F|  |TAMS 0x00000000a2800000, 0x00000000a2800000| Untracked 
|  29|0x00000000a2900000, 0x00000000a2900000, 0x00000000a2a00000|  0%| F|  |TAMS 0x00000000a2900000, 0x00000000a2900000| Untracked 
|  30|0x00000000a2a00000, 0x00000000a2a00000, 0x00000000a2b00000|  0%| F|  |TAMS 0x00000000a2a00000, 0x00000000a2a00000| Untracked 
|  31|0x00000000a2b00000, 0x00000000a2b00000, 0x00000000a2c00000|  0%| F|  |TAMS 0x00000000a2b00000, 0x00000000a2b00000| Untracked 
|  32|0x00000000a2c00000, 0x00000000a2c00000, 0x00000000a2d00000|  0%| F|  |TAMS 0x00000000a2c00000, 0x00000000a2c00000| Untracked 
|  33|0x00000000a2d00000, 0x00000000a2d00000, 0x00000000a2e00000|  0%| F|  |TAMS 0x00000000a2d00000, 0x00000000a2d00000| Untracked 
|  34|0x00000000a2e00000, 0x00000000a2e00000, 0x00000000a2f00000|  0%| F|  |TAMS 0x00000000a2e00000, 0x00000000a2e00000| Untracked 
|  35|0x00000000a2f00000, 0x00000000a2f00000, 0x00000000a3000000|  0%| F|  |TAMS 0x00000000a2f00000, 0x00000000a2f00000| Untracked 
|  36|0x00000000a3000000, 0x00000000a3000000, 0x00000000a3100000|  0%| F|  |TAMS 0x00000000a3000000, 0x00000000a3000000| Untracked 
|  37|0x00000000a3100000, 0x00000000a3100000, 0x00000000a3200000|  0%| F|  |TAMS 0x00000000a3100000, 0x00000000a3100000| Untracked 
|  38|0x00000000a3200000, 0x00000000a3200000, 0x00000000a3300000|  0%| F|  |TAMS 0x00000000a3200000, 0x00000000a3200000| Untracked 
|  39|0x00000000a3300000, 0x00000000a3300000, 0x00000000a3400000|  0%| F|  |TAMS 0x00000000a3300000, 0x00000000a3300000| Untracked 
|  40|0x00000000a3400000, 0x00000000a3400000, 0x00000000a3500000|  0%| F|  |TAMS 0x00000000a3400000, 0x00000000a3400000| Untracked 
|  41|0x00000000a3500000, 0x00000000a3500000, 0x00000000a3600000|  0%| F|  |TAMS 0x00000000a3500000, 0x00000000a3500000| Untracked 
|  42|0x00000000a3600000, 0x00000000a3600000, 0x00000000a3700000|  0%| F|  |TAMS 0x00000000a3600000, 0x00000000a3600000| Untracked 
|  43|0x00000000a3700000, 0x00000000a3700000, 0x00000000a3800000|  0%| F|  |TAMS 0x00000000a3700000, 0x00000000a3700000| Untracked 
|  44|0x00000000a3800000, 0x00000000a3800000, 0x00000000a3900000|  0%| F|  |TAMS 0x00000000a3800000, 0x00000000a3800000| Untracked 
|  45|0x00000000a3900000, 0x00000000a3900000, 0x00000000a3a00000|  0%| F|  |TAMS 0x00000000a3900000, 0x00000000a3900000| Untracked 
|  46|0x00000000a3a00000, 0x00000000a3a00000, 0x00000000a3b00000|  0%| F|  |TAMS 0x00000000a3a00000, 0x00000000a3a00000| Untracked 
|  47|0x00000000a3b00000, 0x00000000a3b00000, 0x00000000a3c00000|  0%| F|  |TAMS 0x00000000a3b00000, 0x00000000a3b00000| Untracked 
|  48|0x00000000a3c00000, 0x00000000a3c00000, 0x00000000a3d00000|  0%| F|  |TAMS 0x00000000a3c00000, 0x00000000a3c00000| Untracked 
|  49|0x00000000a3d00000, 0x00000000a3d00000, 0x00000000a3e00000|  0%| F|  |TAMS 0x00000000a3d00000, 0x00000000a3d00000| Untracked 
|  50|0x00000000a3e00000, 0x00000000a3e00000, 0x00000000a3f00000|  0%| F|  |TAMS 0x00000000a3e00000, 0x00000000a3e00000| Untracked 
|  51|0x00000000a3f00000, 0x00000000a3f00000, 0x00000000a4000000|  0%| F|  |TAMS 0x00000000a3f00000, 0x00000000a3f00000| Untracked 
|  52|0x00000000a4000000, 0x00000000a4000000, 0x00000000a4100000|  0%| F|  |TAMS 0x00000000a4000000, 0x00000000a4000000| Untracked 
|  53|0x00000000a4100000, 0x00000000a4100000, 0x00000000a4200000|  0%| F|  |TAMS 0x00000000a4100000, 0x00000000a4100000| Untracked 
|  54|0x00000000a4200000, 0x00000000a4200000, 0x00000000a4300000|  0%| F|  |TAMS 0x00000000a4200000, 0x00000000a4200000| Untracked 
|  55|0x00000000a4300000, 0x00000000a4300000, 0x00000000a4400000|  0%| F|  |TAMS 0x00000000a4300000, 0x00000000a4300000| Untracked 
|  56|0x00000000a4400000, 0x00000000a4400000, 0x00000000a4500000|  0%| F|  |TAMS 0x00000000a4400000, 0x00000000a4400000| Untracked 
|  57|0x00000000a4500000, 0x00000000a4500000, 0x00000000a4600000|  0%| F|  |TAMS 0x00000000a4500000, 0x00000000a4500000| Untracked 
|  58|0x00000000a4600000, 0x00000000a4600000, 0x00000000a4700000|  0%| F|  |TAMS 0x00000000a4600000, 0x00000000a4600000| Untracked 
|  59|0x00000000a4700000, 0x00000000a4700000, 0x00000000a4800000|  0%| F|  |TAMS 0x00000000a4700000, 0x00000000a4700000| Untracked 
|  60|0x00000000a4800000, 0x00000000a4800000, 0x00000000a4900000|  0%| F|  |TAMS 0x00000000a4800000, 0x00000000a4800000| Untracked 
|  61|0x00000000a4900000, 0x00000000a4900000, 0x00000000a4a00000|  0%| F|  |TAMS 0x00000000a4900000, 0x00000000a4900000| Untracked 
|  62|0x00000000a4a00000, 0x00000000a4a00000, 0x00000000a4b00000|  0%| F|  |TAMS 0x00000000a4a00000, 0x00000000a4a00000| Untracked 
|  63|0x00000000a4b00000, 0x00000000a4b00000, 0x00000000a4c00000|  0%| F|  |TAMS 0x00000000a4b00000, 0x00000000a4b00000| Untracked 
|  64|0x00000000a4c00000, 0x00000000a4c00000, 0x00000000a4d00000|  0%| F|  |TAMS 0x00000000a4c00000, 0x00000000a4c00000| Untracked 
|  65|0x00000000a4d00000, 0x00000000a4d00000, 0x00000000a4e00000|  0%| F|  |TAMS 0x00000000a4d00000, 0x00000000a4d00000| Untracked 
|  66|0x00000000a4e00000, 0x00000000a4e00000, 0x00000000a4f00000|  0%| F|  |TAMS 0x00000000a4e00000, 0x00000000a4e00000| Untracked 
|  67|0x00000000a4f00000, 0x00000000a4f00000, 0x00000000a5000000|  0%| F|  |TAMS 0x00000000a4f00000, 0x00000000a4f00000| Untracked 
|  68|0x00000000a5000000, 0x00000000a5000000, 0x00000000a5100000|  0%| F|  |TAMS 0x00000000a5000000, 0x00000000a5000000| Untracked 
|  69|0x00000000a5100000, 0x00000000a5100000, 0x00000000a5200000|  0%| F|  |TAMS 0x00000000a5100000, 0x00000000a5100000| Untracked 
|  70|0x00000000a5200000, 0x00000000a5200000, 0x00000000a5300000|  0%| F|  |TAMS 0x00000000a5200000, 0x00000000a5200000| Untracked 
|  71|0x00000000a5300000, 0x00000000a5300000, 0x00000000a5400000|  0%| F|  |TAMS 0x00000000a5300000, 0x00000000a5300000| Untracked 
|  72|0x00000000a5400000, 0x00000000a5400000, 0x00000000a5500000|  0%| F|  |TAMS 0x00000000a5400000, 0x00000000a5400000| Untracked 
|  73|0x00000000a5500000, 0x00000000a5500000, 0x00000000a5600000|  0%| F|  |TAMS 0x00000000a5500000, 0x00000000a5500000| Untracked 
|  74|0x00000000a5600000, 0x00000000a5600000, 0x00000000a5700000|  0%| F|  |TAMS 0x00000000a5600000, 0x00000000a5600000| Untracked 
|  75|0x00000000a5700000, 0x00000000a5700000, 0x00000000a5800000|  0%| F|  |TAMS 0x00000000a5700000, 0x00000000a5700000| Untracked 
|  76|0x00000000a5800000, 0x00000000a5800000, 0x00000000a5900000|  0%| F|  |TAMS 0x00000000a5800000, 0x00000000a5800000| Untracked 
|  77|0x00000000a5900000, 0x00000000a5900000, 0x00000000a5a00000|  0%| F|  |TAMS 0x00000000a5900000, 0x00000000a5900000| Untracked 
|  78|0x00000000a5a00000, 0x00000000a5a00000, 0x00000000a5b00000|  0%| F|  |TAMS 0x00000000a5a00000, 0x00000000a5a00000| Untracked 
|  79|0x00000000a5b00000, 0x00000000a5b00000, 0x00000000a5c00000|  0%| F|  |TAMS 0x00000000a5b00000, 0x00000000a5b00000| Untracked 
|  80|0x00000000a5c00000, 0x00000000a5c00000, 0x00000000a5d00000|  0%| F|  |TAMS 0x00000000a5c00000, 0x00000000a5c00000| Untracked 
|  81|0x00000000a5d00000, 0x00000000a5d00000, 0x00000000a5e00000|  0%| F|  |TAMS 0x00000000a5d00000, 0x00000000a5d00000| Untracked 
|  82|0x00000000a5e00000, 0x00000000a5e00000, 0x00000000a5f00000|  0%| F|  |TAMS 0x00000000a5e00000, 0x00000000a5e00000| Untracked 
|  83|0x00000000a5f00000, 0x00000000a5f00000, 0x00000000a6000000|  0%| F|  |TAMS 0x00000000a5f00000, 0x00000000a5f00000| Untracked 
|  84|0x00000000a6000000, 0x00000000a6000000, 0x00000000a6100000|  0%| F|  |TAMS 0x00000000a6000000, 0x00000000a6000000| Untracked 
|  85|0x00000000a6100000, 0x00000000a6100000, 0x00000000a6200000|  0%| F|  |TAMS 0x00000000a6100000, 0x00000000a6100000| Untracked 
|  86|0x00000000a6200000, 0x00000000a6200000, 0x00000000a6300000|  0%| F|  |TAMS 0x00000000a6200000, 0x00000000a6200000| Untracked 
|  87|0x00000000a6300000, 0x00000000a6300000, 0x00000000a6400000|  0%| F|  |TAMS 0x00000000a6300000, 0x00000000a6300000| Untracked 
|  88|0x00000000a6400000, 0x00000000a6400000, 0x00000000a6500000|  0%| F|  |TAMS 0x00000000a6400000, 0x00000000a6400000| Untracked 
|  89|0x00000000a6500000, 0x00000000a6500000, 0x00000000a6600000|  0%| F|  |TAMS 0x00000000a6500000, 0x00000000a6500000| Untracked 
|  90|0x00000000a6600000, 0x00000000a6600000, 0x00000000a6700000|  0%| F|  |TAMS 0x00000000a6600000, 0x00000000a6600000| Untracked 
|  91|0x00000000a6700000, 0x00000000a6700000, 0x00000000a6800000|  0%| F|  |TAMS 0x00000000a6700000, 0x00000000a6700000| Untracked 
|  92|0x00000000a6800000, 0x00000000a6800000, 0x00000000a6900000|  0%| F|  |TAMS 0x00000000a6800000, 0x00000000a6800000| Untracked 
|  93|0x00000000a6900000, 0x00000000a6900000, 0x00000000a6a00000|  0%| F|  |TAMS 0x00000000a6900000, 0x00000000a6900000| Untracked 
|  94|0x00000000a6a00000, 0x00000000a6a00000, 0x00000000a6b00000|  0%| F|  |TAMS 0x00000000a6a00000, 0x00000000a6a00000| Untracked 
|  95|0x00000000a6b00000, 0x00000000a6b85288, 0x00000000a6c00000| 52%| E|  |TAMS 0x00000000a6b00000, 0x00000000a6b00000| Complete 

Card table byte_map: [0x0000020bd4db0000,0x0000020bd50b0000] _byte_map_base: 0x0000020bd48aa000

Marking Bits (Prev, Next): (CMBitMap*) 0x0000020bc20e5320, (CMBitMap*) 0x0000020bc20e5360
 Prev Bits: [0x0000020bd53b0000, 0x0000020bd6b80000)
 Next Bits: [0x0000020bd6b80000, 0x0000020bd8350000)

Polling page: 0x0000020bc1870000

Metaspace:

Usage:
  Non-class:      4.00 MB capacity,     2.59 MB ( 65%) used,     1.41 MB ( 35%) free+waste,    64 bytes ( <1%) overhead. 
      Class:    384.00 KB capacity,   219.95 KB ( 57%) used,   163.99 KB ( 43%) free+waste,    64 bytes ( <1%) overhead. 
       Both:      4.38 MB capacity,     2.80 MB ( 64%) used,     1.57 MB ( 36%) free+waste,   128 bytes ( <1%) overhead. 

Virtual space:
  Non-class space:        8.00 MB reserved,       4.00 MB ( 50%) committed 
      Class space:        1.00 GB reserved,     384.00 KB ( <1%) committed 
             Both:        1.01 GB reserved,       4.38 MB ( <1%) committed 

Chunk freelists:
   Non-Class:  0 bytes
       Class:  0 bytes
        Both:  0 bytes

MaxMetaspaceSize: 17179869184.00 GB
CompressedClassSpaceSize: 1.00 GB

CodeHeap 'non-profiled nmethods': size=120000Kb used=0Kb max_used=0Kb free=120000Kb
 bounds [0x0000020bcd580000, 0x0000020bcd7f0000, 0x0000020bd4ab0000]
CodeHeap 'profiled nmethods': size=120000Kb used=24Kb max_used=24Kb free=119975Kb
 bounds [0x0000020bc6050000, 0x0000020bc62c0000, 0x0000020bcd580000]
CodeHeap 'non-nmethods': size=5760Kb used=1035Kb max_used=1038Kb free=4724Kb
 bounds [0x0000020bc5ab0000, 0x0000020bc5d20000, 0x0000020bc6050000]
 total_blobs=271 nmethods=19 adapters=165
 compilation: enabled
              stopped_count=0, restarted_count=0
 full_count=0

Compilation events (20 events):
Event: 0.105 Thread 0x0000020bdb0ffdc0   11       3       java.lang.StringLatin1::equals (36 bytes)
Event: 0.105 Thread 0x0000020bdb0ffdc0 nmethod 11 0x0000020bc6053890 code [0x0000020bc6053a40, 0x0000020bc6053cb8]
Event: 0.105 Thread 0x0000020bdb0ffdc0   12       3       java.util.Objects::equals (23 bytes)
Event: 0.106 Thread 0x0000020bdb0ffdc0 nmethod 12 0x0000020bc6053e10 code [0x0000020bc6053fc0, 0x0000020bc6054228]
Event: 0.106 Thread 0x0000020bdb0ffdc0   13       3       java.util.Set::of (4 bytes)
Event: 0.106 Thread 0x0000020bdb0ffdc0 nmethod 13 0x0000020bc6054310 code [0x0000020bc60544a0, 0x0000020bc6054598]
Event: 0.106 Thread 0x0000020bdb0ffdc0   14       3       java.lang.module.ModuleDescriptor$Exports::<init> (20 bytes)
Event: 0.106 Thread 0x0000020bdb0ffdc0 nmethod 14 0x0000020bc6054610 code [0x0000020bc60547c0, 0x0000020bc6054a38]
Event: 0.106 Thread 0x0000020bdb0fe300   16       4       java.lang.StringLatin1::hashCode (42 bytes)
Event: 0.106 Thread 0x0000020bdb0ffdc0   15       3       java.lang.module.ModuleDescriptor$Exports::hashCode (38 bytes)
Event: 0.106 Thread 0x0000020bdb0ffdc0 nmethod 15 0x0000020bc6054b10 code [0x0000020bc6054ce0, 0x0000020bc6054fc8]
Event: 0.106 Thread 0x0000020bdb0ffdc0   17       3       java.util.Objects::requireNonNull (14 bytes)
Event: 0.106 Thread 0x0000020bdb0ffdc0 nmethod 17 0x0000020bc6055110 code [0x0000020bc60552c0, 0x0000020bc60554a8]
Event: 0.106 Thread 0x0000020bdb0ffdc0   18       3       java.util.AbstractCollection::<init> (5 bytes)
Event: 0.106 Thread 0x0000020bdb0ffdc0 nmethod 18 0x0000020bc6055590 code [0x0000020bc6055720, 0x0000020bc6055878]
Event: 0.106 Thread 0x0000020bdb0ffdc0   19       3       java.util.ImmutableCollections$AbstractImmutableCollection::<init> (5 bytes)
Event: 0.106 Thread 0x0000020bdb0ffdc0 nmethod 19 0x0000020bc6055910 code [0x0000020bc6055ac0, 0x0000020bc6055c78]
Event: 0.107 Thread 0x0000020bdb0ffdc0   20       3       java.util.ImmutableCollections$AbstractImmutableSet::<init> (5 bytes)
Event: 0.107 Thread 0x0000020bdb0ffdc0 nmethod 20 0x0000020bc6055d90 code [0x0000020bc6055f40, 0x0000020bc6056158]
Event: 0.107 Thread 0x0000020bdb0ffdc0   21       3       java.util.Set::of (68 bytes)

GC Heap History (0 events):
No events

Deoptimization events (0 events):
No events

Classes unloaded (0 events):
No events

Classes redefined (0 events):
No events

Internal exceptions (0 events):
No events

Events (20 events):
Event: 0.100 loading class java/lang/module/ModuleDescriptor$Exports done
Event: 0.101 loading class java/lang/module/ModuleDescriptor$Opens
Event: 0.101 loading class java/lang/module/ModuleDescriptor$Opens done
Event: 0.102 loading class java/lang/module/ModuleDescriptor$Provides
Event: 0.102 loading class java/lang/module/ModuleDescriptor$Provides done
Event: 0.102 loading class java/util/ImmutableCollections$List12
Event: 0.102 loading class java/util/ImmutableCollections$List12 done
Event: 0.102 loading class java/lang/module/ModuleDescriptor$Version
Event: 0.102 loading class java/lang/module/ModuleDescriptor$Version done
Event: 0.103 loading class java/util/ArrayList
Event: 0.103 loading class java/util/ArrayList done
Event: 0.103 loading class java/lang/module/ModuleDescriptor$Modifier
Event: 0.103 loading class java/lang/Enum
Event: 0.103 loading class java/lang/Enum done
Event: 0.103 loading class java/lang/module/ModuleDescriptor$Modifier done
Event: 0.103 loading class java/lang/module/ModuleDescriptor$Requires$Modifier
Event: 0.103 loading class java/lang/module/ModuleDescriptor$Requires$Modifier done
Event: 0.107 loading class jdk/internal/module/ModuleTarget
Event: 0.107 loading class jdk/internal/module/ModuleTarget done
Event: 0.107 loading class jdk/internal/module/ModuleHashes


Dynamic libraries:
0x00007ff60b180000 - 0x00007ff60b18d000 	C:\Users\Pichau\.p2\pool\plugins\org.eclipse.justj.openjdk.hotspot.jre.full.win32.x86_64_15.0.2.v20210201-0955\jre\bin\javaw.exe
0x00007ffc4c800000 - 0x00007ffc4c9f0000 	C:\Windows\SYSTEM32\ntdll.dll
0x00007ffc36e20000 - 0x00007ffc36e35000 	C:\Program Files\Avast Software\Avast\aswhook.dll
0x00007ffc4ac00000 - 0x00007ffc4acb2000 	C:\Windows\System32\KERNEL32.DLL
0x00007ffc49ba0000 - 0x00007ffc49e45000 	C:\Windows\System32\KERNELBASE.dll
0x00007ffc49a80000 - 0x00007ffc49b7a000 	C:\Windows\System32\ucrtbase.dll
0x00007ffc33580000 - 0x00007ffc33599000 	C:\Users\Pichau\.p2\pool\plugins\org.eclipse.justj.openjdk.hotspot.jre.full.win32.x86_64_15.0.2.v20210201-0955\jre\bin\VCRUNTIME140.dll
0x00007ffc34100000 - 0x00007ffc34118000 	C:\Users\Pichau\.p2\pool\plugins\org.eclipse.justj.openjdk.hotspot.jre.full.win32.x86_64_15.0.2.v20210201-0955\jre\bin\jli.dll
0x00007ffc4bac0000 - 0x00007ffc4bc54000 	C:\Windows\System32\USER32.dll
0x00007ffc3b480000 - 0x00007ffc3b704000 	C:\Windows\WinSxS\amd64_microsoft.windows.common-controls_6595b64144ccf1df_6.0.18362.1500_none_9e79be6de462295c\COMCTL32.dll
0x00007ffc49ef0000 - 0x00007ffc49f11000 	C:\Windows\System32\win32u.dll
0x00007ffc4c710000 - 0x00007ffc4c7ae000 	C:\Windows\System32\msvcrt.dll
0x00007ffc4aac0000 - 0x00007ffc4aae6000 	C:\Windows\System32\GDI32.dll
0x00007ffc4b780000 - 0x00007ffc4bab6000 	C:\Windows\System32\combase.dll
0x00007ffc498b0000 - 0x00007ffc49a48000 	C:\Windows\System32\gdi32full.dll
0x00007ffc4aea0000 - 0x00007ffc4afbf000 	C:\Windows\System32\RPCRT4.dll
0x00007ffc49e50000 - 0x00007ffc49eee000 	C:\Windows\System32\msvcp_win.dll
0x00007ffc49770000 - 0x00007ffc497f1000 	C:\Windows\System32\bcryptPrimitives.dll
0x00007ffc4acc0000 - 0x00007ffc4acee000 	C:\Windows\System32\IMM32.DLL
0x00007ffc3eb10000 - 0x00007ffc3eb1c000 	C:\Users\Pichau\.p2\pool\plugins\org.eclipse.justj.openjdk.hotspot.jre.full.win32.x86_64_15.0.2.v20210201-0955\jre\bin\vcruntime140_1.dll
0x00007ffc2a070000 - 0x00007ffc2a101000 	C:\Users\Pichau\.p2\pool\plugins\org.eclipse.justj.openjdk.hotspot.jre.full.win32.x86_64_15.0.2.v20210201-0955\jre\bin\msvcp140.dll
0x00007ffbdd3b0000 - 0x00007ffbddf0e000 	C:\Users\Pichau\.p2\pool\plugins\org.eclipse.justj.openjdk.hotspot.jre.full.win32.x86_64_15.0.2.v20210201-0955\jre\bin\server\jvm.dll
0x00007ffc4a8b0000 - 0x00007ffc4a953000 	C:\Windows\System32\ADVAPI32.dll
0x00007ffc4bf50000 - 0x00007ffc4bfe7000 	C:\Windows\System32\sechost.dll
0x00007ffc4bc80000 - 0x00007ffc4bc88000 	C:\Windows\System32\PSAPI.DLL
0x00007ffc3b350000 - 0x00007ffc3b359000 	C:\Windows\SYSTEM32\WSOCK32.dll
0x00007ffc43db0000 - 0x00007ffc43dba000 	C:\Windows\SYSTEM32\VERSION.dll
0x00007ffc477c0000 - 0x00007ffc477e4000 	C:\Windows\SYSTEM32\WINMM.dll
0x00007ffc4bc90000 - 0x00007ffc4bcff000 	C:\Windows\System32\WS2_32.dll
0x00007ffc47690000 - 0x00007ffc476bd000 	C:\Windows\SYSTEM32\winmmbase.dll
0x00007ffc49f20000 - 0x00007ffc49f6a000 	C:\Windows\System32\cfgmgr32.dll
0x00007ffc496c0000 - 0x00007ffc496d1000 	C:\Windows\System32\kernel.appcore.dll
0x00007ffc3f510000 - 0x00007ffc3f51a000 	C:\Users\Pichau\.p2\pool\plugins\org.eclipse.justj.openjdk.hotspot.jre.full.win32.x86_64_15.0.2.v20210201-0955\jre\bin\jimage.dll
0x00007ffc44320000 - 0x00007ffc44514000 	C:\Windows\SYSTEM32\DBGHELP.DLL
0x00007ffc42890000 - 0x00007ffc428ba000 	C:\Windows\SYSTEM32\dbgcore.DLL
0x00007ffc30aa0000 - 0x00007ffc30ac5000 	C:\Users\Pichau\.p2\pool\plugins\org.eclipse.justj.openjdk.hotspot.jre.full.win32.x86_64_15.0.2.v20210201-0955\jre\bin\java.dll
0x00007ffc3ebb0000 - 0x00007ffc3ebc8000 	C:\Users\Pichau\.p2\pool\plugins\org.eclipse.justj.openjdk.hotspot.jre.full.win32.x86_64_15.0.2.v20210201-0955\jre\bin\zip.dll
0x00007ffc4b090000 - 0x00007ffc4b778000 	C:\Windows\System32\SHELL32.dll
0x00007ffc4ab50000 - 0x00007ffc4abf7000 	C:\Windows\System32\shcore.dll
0x00007ffc4a0d0000 - 0x00007ffc4a84b000 	C:\Windows\System32\windows.storage.dll
0x00007ffc49730000 - 0x00007ffc4974e000 	C:\Windows\System32\profapi.dll
0x00007ffc496e0000 - 0x00007ffc4972a000 	C:\Windows\System32\powrprof.dll
0x00007ffc496b0000 - 0x00007ffc496c0000 	C:\Windows\System32\UMPDC.dll
0x00007ffc4c600000 - 0x00007ffc4c652000 	C:\Windows\System32\shlwapi.dll
0x00007ffc49b80000 - 0x00007ffc49b97000 	C:\Windows\System32\cryptsp.dll

dbghelp: loaded successfully - version: 4.0.5 - missing functions: none
symbol engine: initialized successfully - sym options: 0x614 - pdb path: .;C:\Users\Pichau\.p2\pool\plugins\org.eclipse.justj.openjdk.hotspot.jre.full.win32.x86_64_15.0.2.v20210201-0955\jre\bin;C:\Windows\SYSTEM32;C:\Program Files\Avast Software\Avast;C:\Windows\WinSxS\amd64_microsoft.windows.common-controls_6595b64144ccf1df_6.0.18362.1500_none_9e79be6de462295c;C:\Users\Pichau\.p2\pool\plugins\org.eclipse.justj.openjdk.hotspot.jre.full.win32.x86_64_15.0.2.v20210201-0955\jre\bin\server

VM Arguments:
jvm_args: -Dfile.encoding=Cp1252 -XX:+ShowCodeDetailsInExceptionMessages 
java_command: ExercicioPratico_17_Setembro.EX_5_1B
java_class_path (initial): C:\Users\Pichau\Desktop\eclipse\Semestre awt e swing\bin
Launcher Type: SUN_STANDARD

[Global flags]
     intx CICompilerCount                          = 3                                         {product} {ergonomic}
     uint ConcGCThreads                            = 1                                         {product} {ergonomic}
     uint G1ConcRefinementThreads                  = 4                                         {product} {ergonomic}
   size_t G1HeapRegionSize                         = 1048576                                   {product} {ergonomic}
    uintx GCDrainStackTargetSize                   = 64                                        {product} {ergonomic}
   size_t InitialHeapSize                          = 100663296                                 {product} {ergonomic}
   size_t MarkStackSize                            = 4194304                                   {product} {ergonomic}
   size_t MaxHeapSize                              = 1598029824                                {product} {ergonomic}
   size_t MaxNewSize                               = 958398464                                 {product} {ergonomic}
   size_t MinHeapDeltaBytes                        = 1048576                                   {product} {ergonomic}
   size_t MinHeapSize                              = 8388608                                   {product} {ergonomic}
    uintx NonNMethodCodeHeapSize                   = 5832780                                {pd product} {ergonomic}
    uintx NonProfiledCodeHeapSize                  = 122912730                              {pd product} {ergonomic}
    uintx ProfiledCodeHeapSize                     = 122912730                              {pd product} {ergonomic}
    uintx ReservedCodeCacheSize                    = 251658240                              {pd product} {ergonomic}
     bool SegmentedCodeCache                       = true                                      {product} {ergonomic}
     bool ShowCodeDetailsInExceptionMessages       = true                                   {manageable} {command line}
   size_t SoftMaxHeapSize                          = 1598029824                             {manageable} {ergonomic}
     bool UseCompressedClassPointers               = true                                 {lp64_product} {ergonomic}
     bool UseCompressedOops                        = true                                 {lp64_product} {ergonomic}
     bool UseG1GC                                  = true                                      {product} {ergonomic}
     bool UseLargePagesIndividualAllocation        = false                                  {pd product} {ergonomic}

Logging:
Log output configuration:
 #0: stdout all=warning uptime,level,tags
 #1: stderr all=off uptime,level,tags

Environment Variables:
PATH=C:/Users/Pichau/.p2/pool/plugins/org.eclipse.justj.openjdk.hotspot.jre.full.win32.x86_64_15.0.2.v20210201-0955/jre/bin/server;C:/Users/Pichau/.p2/pool/plugins/org.eclipse.justj.openjdk.hotspot.jre.full.win32.x86_64_15.0.2.v20210201-0955/jre/bin;C:\Program Files (x86)\Common Files\Oracle\Java\javapath;C:\Windows\system32;C:\Windows;C:\Windows\System32\Wbem;C:\Windows\System32\WindowsPowerShell\v1.0\;C:\Windows\System32\OpenSSH\;C:\Users\Pichau\AppData\Local\Microsoft\WindowsApps;;C:\Users\Pichau\AppData\Local\Programs\Microsoft VS Code\bin;C:\Users\Pichau\Desktop;
USERNAME=Pichau
OS=Windows_NT
PROCESSOR_IDENTIFIER=AMD64 Family 23 Model 24 Stepping 1, AuthenticAMD



---------------  S Y S T E M  ---------------

OS:
 Windows 10 , 64 bit Build 18362 (10.0.18362.1500)
OS uptime: 18 days 20:11 hours

CPU: total 4 (initial active 4) (4 cores per cpu, 2 threads per core) family 23 model 24 stepping 1 microcode 0x0, cmov, cx8, fxsr, mmx, sse, sse2, sse3, ssse3, sse4.1, sse4.2, popcnt, vzeroupper, avx, avx2, aes, clmul, 3dnowpref, lzcnt, sse4a, ht, tsc, tscinvbit, tscinv, bmi1, bmi2, adx, sha, fma, clflush, clflushopt

Memory: 4k page, system-wide physical 6095M (384M free)
TotalPageFile size 20339M (AvailPageFile size 1M)
current process WorkingSet (physical memory assigned to process): 25M, peak: 25M
current process commit charge ("private bytes"): 160M, peak: 160M

vm_info: OpenJDK 64-Bit Server VM (15.0.2+7-27) for windows-amd64 JRE (15.0.2+7-27), built on Dec  7 2020 20:02:38 by "mach5one" with unknown MS VC++:1925

END.
