#
# There is insufficient memory for the Java Runtime Environment to continue.
# Native memory allocation (mmap) failed to map 100663296 bytes for G1 virtual space
# Possible reasons:
#   The system is out of physical RAM or swap space
#   The process is running with CompressedOops enabled, and the Java Heap may be blocking the growth of the native heap
# Possible solutions:
#   Reduce memory load on the system
#   Increase physical memory or swap space
#   Check if swap backing store is full
#   Decrease Java heap size (-Xmx/-Xms)
#   Decrease number of Java threads
#   Decrease Java thread stack sizes (-Xss)
#   Set larger code cache with -XX:ReservedCodeCacheSize=
#   JVM is running with Unscaled Compressed Oops mode in which the Java heap is
#     placed in the first 4GB address space. The Java Heap base address is the
#     maximum limit for the native heap growth. Please use -XX:HeapBaseMinAddress
#     to set the Java Heap base and to place the Java Heap above 4GB virtual address.
# This output file may be truncated or incomplete.
#
#  Out of Memory Error (./open/src/hotspot/os/windows/os_windows.cpp:3321), pid=5860, tid=6736
#
# JRE version:  (15.0.2+7) (build )
# Java VM: OpenJDK 64-Bit Server VM (15.0.2+7-27, mixed mode, sharing, tiered, compressed oops, g1 gc, windows-amd64)
# No core dump will be written. Minidumps are not enabled by default on client versions of Windows
#

---------------  S U M M A R Y ------------

Command Line: -Dfile.encoding=Cp1252 -XX:+ShowCodeDetailsInExceptionMessages ExercicioPratico_17_Setembro.EX_5_1B

Host: AMD Athlon 3000G with Radeon Vega Graphics     , 4 cores, 5G,  Windows 10 , 64 bit Build 18362 (10.0.18362.1500)
Time: Fri Sep 17 11:17:01 2021 Hora oficial do Brasil elapsed time: 0.021206 seconds (0d 0h 0m 0s)

---------------  T H R E A D  ---------------

Current thread (0x0000026e47286f00):  JavaThread "Unknown thread" [_thread_in_vm, id=6736, stack(0x000000d88a600000,0x000000d88a700000)]

Stack: [0x000000d88a600000,0x000000d88a700000]
Native frames: (J=compiled Java code, j=interpreted, Vv=VM code, C=native code)
V  [jvm.dll+0x62ae9a]
V  [jvm.dll+0x7817a9]
V  [jvm.dll+0x782f03]
V  [jvm.dll+0x783563]
V  [jvm.dll+0x216325]
V  [jvm.dll+0x6281d9]
V  [jvm.dll+0x61cf55]
V  [jvm.dll+0x2cffdd]
V  [jvm.dll+0x2cfe42]
V  [jvm.dll+0x2d5e1c]
V  [jvm.dll+0x32590a]
V  [jvm.dll+0x324fd4]
V  [jvm.dll+0x2a6f5a]
V  [jvm.dll+0x2a80f8]
V  [jvm.dll+0x75e241]
V  [jvm.dll+0x3341c4]
V  [jvm.dll+0x73e926]
V  [jvm.dll+0x3b7557]
V  [jvm.dll+0x3b8fe1]
C  [jli.dll+0x52fb]
C  [ucrtbase.dll+0x210b2]
C  [KERNEL32.DLL+0x17c24]
C  [ntdll.dll+0x6d721]


---------------  P R O C E S S  ---------------

Threads class SMR info:
_java_thread_list=0x00007ffbdde74ff0, length=0, elements={
}

Java Threads: ( => current thread )

Other Threads:
  0x0000026e472bea10 GCTaskThread "GC Thread#0" [stack: 0x000000d88a700000,0x000000d88a800000] [id=21424]
  0x0000026e472cba70 ConcurrentGCThread "G1 Main Marker" [stack: 0x000000d88a800000,0x000000d88a900000] [id=10848]
  0x0000026e472cdda0 ConcurrentGCThread "G1 Conc#0" [stack: 0x000000d88a900000,0x000000d88aa00000] [id=19340]

[error occurred during error reporting (printing all threads), id 0xc0000005, EXCEPTION_ACCESS_VIOLATION (0xc0000005) at pc=0x00007ffbdd667e27]

VM state: not at safepoint (not fully initialized)

VM Mutex/Monitor currently owned by a thread:  ([mutex/lock_event])
[0x0000026e47283de0] Heap_lock - owner thread: 0x0000026e47286f00

Heap address: 0x00000000a0c00000, size: 1524 MB, Compressed Oops mode: 32-bit
CDS archive(s) mapped at: [0x0000000000000000-0x0000000000000000-0x0000000000000000), size 0, SharedBaseAddress: 0x0000000800000000, ArchiveRelocationMode: 0.
Narrow klass base: 0x0000000000000000, Narrow klass shift: 0, Narrow klass range: 0x0

Heap:
 garbage-first heap   total 98304K, used 0K [0x00000000a0c00000, 0x0000000100000000)
  region size 1024K, 0 young (0K), 0 survivors (0K)
 Metaspace       used 0K, capacity 0K, committed 0K, reserved 0K
  class space    used 0K, capacity 0K, committed 0K, reserved 0K

Heap Regions: E=young(eden), S=young(survivor), O=old, HS=humongous(starts), HC=humongous(continues), CS=collection set, F=free, OA=open archive, CA=closed archive, TAMS=top-at-mark-start (previous, next)

Card table byte_map: [0x0000026e59f90000,0x0000026e5a290000] _byte_map_base: 0x0000026e59a8a000

Marking Bits (Prev, Next): (CMBitMap*) 0x0000026e472bf190, (CMBitMap*) 0x0000026e472bf1d0
 Prev Bits: [0x0000026e5a590000, 0x0000026e5bd60000)
 Next Bits: [0x0000026e5bd60000, 0x0000026e5d530000)

GC Heap History (0 events):
No events

Deoptimization events (0 events):
No events

Classes unloaded (0 events):
No events

Classes redefined (0 events):
No events

Internal exceptions (0 events):
No events

Events (1 events):
Event: 0.011 Loaded shared library C:\Users\Pichau\.p2\pool\plugins\org.eclipse.justj.openjdk.hotspot.jre.full.win32.x86_64_15.0.2.v20210201-0955\jre\bin\java.dll


Dynamic libraries:
0x00007ff60b180000 - 0x00007ff60b18d000 	C:\Users\Pichau\.p2\pool\plugins\org.eclipse.justj.openjdk.hotspot.jre.full.win32.x86_64_15.0.2.v20210201-0955\jre\bin\javaw.exe
0x00007ffc4c800000 - 0x00007ffc4c9f0000 	C:\Windows\SYSTEM32\ntdll.dll
0x00007ffc36e20000 - 0x00007ffc36e35000 	C:\Program Files\Avast Software\Avast\aswhook.dll
0x00007ffc4ac00000 - 0x00007ffc4acb2000 	C:\Windows\System32\KERNEL32.DLL
0x00007ffc49ba0000 - 0x00007ffc49e45000 	C:\Windows\System32\KERNELBASE.dll
0x00007ffc49a80000 - 0x00007ffc49b7a000 	C:\Windows\System32\ucrtbase.dll
0x00007ffc34100000 - 0x00007ffc34118000 	C:\Users\Pichau\.p2\pool\plugins\org.eclipse.justj.openjdk.hotspot.jre.full.win32.x86_64_15.0.2.v20210201-0955\jre\bin\jli.dll
0x00007ffc33580000 - 0x00007ffc33599000 	C:\Users\Pichau\.p2\pool\plugins\org.eclipse.justj.openjdk.hotspot.jre.full.win32.x86_64_15.0.2.v20210201-0955\jre\bin\VCRUNTIME140.dll
0x00007ffc4bac0000 - 0x00007ffc4bc54000 	C:\Windows\System32\USER32.dll
0x00007ffc49ef0000 - 0x00007ffc49f11000 	C:\Windows\System32\win32u.dll
0x00007ffc4aac0000 - 0x00007ffc4aae6000 	C:\Windows\System32\GDI32.dll
0x00007ffc498b0000 - 0x00007ffc49a48000 	C:\Windows\System32\gdi32full.dll
0x00007ffc49e50000 - 0x00007ffc49eee000 	C:\Windows\System32\msvcp_win.dll
0x00007ffc3b480000 - 0x00007ffc3b704000 	C:\Windows\WinSxS\amd64_microsoft.windows.common-controls_6595b64144ccf1df_6.0.18362.1500_none_9e79be6de462295c\COMCTL32.dll
0x00007ffc4c710000 - 0x00007ffc4c7ae000 	C:\Windows\System32\msvcrt.dll
0x00007ffc4b780000 - 0x00007ffc4bab6000 	C:\Windows\System32\combase.dll
0x00007ffc4aea0000 - 0x00007ffc4afbf000 	C:\Windows\System32\RPCRT4.dll
0x00007ffc49770000 - 0x00007ffc497f1000 	C:\Windows\System32\bcryptPrimitives.dll
0x00007ffc4acc0000 - 0x00007ffc4acee000 	C:\Windows\System32\IMM32.DLL
0x00007ffc3eb10000 - 0x00007ffc3eb1c000 	C:\Users\Pichau\.p2\pool\plugins\org.eclipse.justj.openjdk.hotspot.jre.full.win32.x86_64_15.0.2.v20210201-0955\jre\bin\vcruntime140_1.dll
0x00007ffc2a070000 - 0x00007ffc2a101000 	C:\Users\Pichau\.p2\pool\plugins\org.eclipse.justj.openjdk.hotspot.jre.full.win32.x86_64_15.0.2.v20210201-0955\jre\bin\msvcp140.dll
0x00007ffbdd3b0000 - 0x00007ffbddf0e000 	C:\Users\Pichau\.p2\pool\plugins\org.eclipse.justj.openjdk.hotspot.jre.full.win32.x86_64_15.0.2.v20210201-0955\jre\bin\server\jvm.dll
0x00007ffc4a8b0000 - 0x00007ffc4a953000 	C:\Windows\System32\ADVAPI32.dll
0x00007ffc4bf50000 - 0x00007ffc4bfe7000 	C:\Windows\System32\sechost.dll
0x00007ffc4bc80000 - 0x00007ffc4bc88000 	C:\Windows\System32\PSAPI.DLL
0x00007ffc477c0000 - 0x00007ffc477e4000 	C:\Windows\SYSTEM32\WINMM.dll
0x00007ffc3b350000 - 0x00007ffc3b359000 	C:\Windows\SYSTEM32\WSOCK32.dll
0x00007ffc4bc90000 - 0x00007ffc4bcff000 	C:\Windows\System32\WS2_32.dll
0x00007ffc43db0000 - 0x00007ffc43dba000 	C:\Windows\SYSTEM32\VERSION.dll
0x00007ffc47690000 - 0x00007ffc476bd000 	C:\Windows\SYSTEM32\WINMMBASE.dll
0x00007ffc49f20000 - 0x00007ffc49f6a000 	C:\Windows\System32\cfgmgr32.dll
0x00007ffc496c0000 - 0x00007ffc496d1000 	C:\Windows\System32\kernel.appcore.dll
0x00007ffc3f510000 - 0x00007ffc3f51a000 	C:\Users\Pichau\.p2\pool\plugins\org.eclipse.justj.openjdk.hotspot.jre.full.win32.x86_64_15.0.2.v20210201-0955\jre\bin\jimage.dll
0x00007ffc44320000 - 0x00007ffc44514000 	C:\Windows\SYSTEM32\DBGHELP.DLL
0x00007ffc42890000 - 0x00007ffc428ba000 	C:\Windows\SYSTEM32\dbgcore.DLL
0x00007ffc30aa0000 - 0x00007ffc30ac5000 	C:\Users\Pichau\.p2\pool\plugins\org.eclipse.justj.openjdk.hotspot.jre.full.win32.x86_64_15.0.2.v20210201-0955\jre\bin\java.dll

dbghelp: loaded successfully - version: 4.0.5 - missing functions: none
symbol engine: initialized successfully - sym options: 0x614 - pdb path: .;C:\Users\Pichau\.p2\pool\plugins\org.eclipse.justj.openjdk.hotspot.jre.full.win32.x86_64_15.0.2.v20210201-0955\jre\bin;C:\Windows\SYSTEM32;C:\Program Files\Avast Software\Avast;C:\Windows\WinSxS\amd64_microsoft.windows.common-controls_6595b64144ccf1df_6.0.18362.1500_none_9e79be6de462295c;C:\Users\Pichau\.p2\pool\plugins\org.eclipse.justj.openjdk.hotspot.jre.full.win32.x86_64_15.0.2.v20210201-0955\jre\bin\server

VM Arguments:
jvm_args: -Dfile.encoding=Cp1252 -XX:+ShowCodeDetailsInExceptionMessages 
java_command: ExercicioPratico_17_Setembro.EX_5_1B
java_class_path (initial): C:\Users\Pichau\Desktop\eclipse\Semestre awt e swing\bin
Launcher Type: SUN_STANDARD

[Global flags]
     intx CICompilerCount                          = 3                                         {product} {ergonomic}
     uint ConcGCThreads                            = 1                                         {product} {ergonomic}
     uint G1ConcRefinementThreads                  = 4                                         {product} {ergonomic}
   size_t G1HeapRegionSize                         = 1048576                                   {product} {ergonomic}
    uintx GCDrainStackTargetSize                   = 64                                        {product} {ergonomic}
   size_t InitialHeapSize                          = 100663296                                 {product} {ergonomic}
   size_t MarkStackSize                            = 4194304                                   {product} {ergonomic}
   size_t MaxHeapSize                              = 1598029824                                {product} {ergonomic}
   size_t MinHeapDeltaBytes                        = 1048576                                   {product} {ergonomic}
   size_t MinHeapSize                              = 8388608                                   {product} {ergonomic}
    uintx NonNMethodCodeHeapSize                   = 5832780                                {pd product} {ergonomic}
    uintx NonProfiledCodeHeapSize                  = 122912730                              {pd product} {ergonomic}
    uintx ProfiledCodeHeapSize                     = 122912730                              {pd product} {ergonomic}
    uintx ReservedCodeCacheSize                    = 251658240                              {pd product} {ergonomic}
     bool SegmentedCodeCache                       = true                                      {product} {ergonomic}
     bool ShowCodeDetailsInExceptionMessages       = true                                   {manageable} {command line}
   size_t SoftMaxHeapSize                          = 1598029824                             {manageable} {ergonomic}
     bool UseCompressedClassPointers               = true                                 {lp64_product} {ergonomic}
     bool UseCompressedOops                        = true                                 {lp64_product} {ergonomic}
     bool UseG1GC                                  = true                                      {product} {ergonomic}
     bool UseLargePagesIndividualAllocation        = false                                  {pd product} {ergonomic}

Logging:
Log output configuration:
 #0: stdout all=warning uptime,level,tags
 #1: stderr all=off uptime,level,tags

Environment Variables:
PATH=C:/Users/Pichau/.p2/pool/plugins/org.eclipse.justj.openjdk.hotspot.jre.full.win32.x86_64_15.0.2.v20210201-0955/jre/bin/server;C:/Users/Pichau/.p2/pool/plugins/org.eclipse.justj.openjdk.hotspot.jre.full.win32.x86_64_15.0.2.v20210201-0955/jre/bin;C:\Program Files (x86)\Common Files\Oracle\Java\javapath;C:\Windows\system32;C:\Windows;C:\Windows\System32\Wbem;C:\Windows\System32\WindowsPowerShell\v1.0\;C:\Windows\System32\OpenSSH\;C:\Users\Pichau\AppData\Local\Microsoft\WindowsApps;;C:\Users\Pichau\AppData\Local\Programs\Microsoft VS Code\bin;C:\Users\Pichau\Desktop;
USERNAME=Pichau
OS=Windows_NT
PROCESSOR_IDENTIFIER=AMD64 Family 23 Model 24 Stepping 1, AuthenticAMD



---------------  S Y S T E M  ---------------

OS:
 Windows 10 , 64 bit Build 18362 (10.0.18362.1500)
OS uptime: 18 days 20:11 hours

CPU: total 4 (initial active 4) (4 cores per cpu, 2 threads per core) family 23 model 24 stepping 1 microcode 0x0, cmov, cx8, fxsr, mmx, sse, sse2, sse3, ssse3, sse4.1, sse4.2, popcnt, vzeroupper, avx, avx2, aes, clmul, 3dnowpref, lzcnt, sse4a, ht, tsc, tscinvbit, tscinv, bmi1, bmi2, adx, sha, fma, clflush, clflushopt

Memory: 4k page, system-wide physical 6095M (379M free)
TotalPageFile size 20339M (AvailPageFile size 88M)
current process WorkingSet (physical memory assigned to process): 10M, peak: 10M
current process commit charge ("private bytes"): 51M, peak: 147M

vm_info: OpenJDK 64-Bit Server VM (15.0.2+7-27) for windows-amd64 JRE (15.0.2+7-27), built on Dec  7 2020 20:02:38 by "mach5one" with unknown MS VC++:1925

END.
