#
# There is insufficient memory for the Java Runtime Environment to continue.
# Native memory allocation (malloc) failed to allocate 1048576 bytes for AllocateHeap
# Possible reasons:
#   The system is out of physical RAM or swap space
#   The process is running with CompressedOops enabled, and the Java Heap may be blocking the growth of the native heap
# Possible solutions:
#   Reduce memory load on the system
#   Increase physical memory or swap space
#   Check if swap backing store is full
#   Decrease Java heap size (-Xmx/-Xms)
#   Decrease number of Java threads
#   Decrease Java thread stack sizes (-Xss)
#   Set larger code cache with -XX:ReservedCodeCacheSize=
#   JVM is running with Unscaled Compressed Oops mode in which the Java heap is
#     placed in the first 4GB address space. The Java Heap base address is the
#     maximum limit for the native heap growth. Please use -XX:HeapBaseMinAddress
#     to set the Java Heap base and to place the Java Heap above 4GB virtual address.
# This output file may be truncated or incomplete.
#
#  Out of Memory Error (./open/src/hotspot/share/memory/allocation.cpp:44), pid=14140, tid=9520
#
# JRE version: OpenJDK Runtime Environment (15.0.2+7) (build 15.0.2+7-27)
# Java VM: OpenJDK 64-Bit Server VM (15.0.2+7-27, mixed mode, tiered, compressed oops, g1 gc, windows-amd64)
# No core dump will be written. Minidumps are not enabled by default on client versions of Windows
#

---------------  S U M M A R Y ------------

Command Line: -Dfile.encoding=Cp1252 -XX:+ShowCodeDetailsInExceptionMessages ExercicioPratico_17_Setembro.EX_5_1B

Host: AMD Athlon 3000G with Radeon Vega Graphics     , 4 cores, 5G,  Windows 10 , 64 bit Build 18362 (10.0.18362.1500)
Time: Fri Sep 17 11:14:58 2021 Hora oficial do Brasil elapsed time: 1.582102 seconds (0d 0h 0m 1s)

---------------  T H R E A D  ---------------

Current thread (0x0000026742a2f2d0):  VMThread "VM Thread" [stack: 0x000000d319900000,0x000000d319a00000] [id=9520]

Stack: [0x000000d319900000,0x000000d319a00000]
[error occurred during error reporting (printing stack bounds), id 0xc0000005, EXCEPTION_ACCESS_VIOLATION (0xc0000005) at pc=0x000002672dca10ad]

Native frames: (J=compiled Java code, j=interpreted, Vv=VM code, C=native code)
V  [jvm.dll+0x62ae9a]
V  [jvm.dll+0x7817a9]
V  [jvm.dll+0x782f03]
V  [jvm.dll+0x7834c5]
V  [jvm.dll+0x78347b]
V  [jvm.dll+0x62a2b9]
V  [jvm.dll+0x62aa88]
C  [ntdll.dll+0xa1fff]
C  [ntdll.dll+0x6aad9]
C  [ntdll.dll+0xa0c6e]
C  0x000002672dca10ad

VM_Operation (0x000000d31aefdf60): CollectForMetadataAllocation, mode: safepoint, requested by thread 0x0000026743c0ac60


---------------  P R O C E S S  ---------------

Threads class SMR info:
_java_thread_list=0x0000026743d04970, length=16, elements={
0x0000026742a68020, 0x0000026742a689d0, 0x000002674339c010, 0x000002674339ebf0,
0x00000267433a15b0, 0x00000267433ad850, 0x00000267433ae2f0, 0x0000026743425ff0,
0x000002674352ab50, 0x000002674352ed90, 0x000002674399c9a0, 0x000002674395a7a0,
0x000002674396ed10, 0x0000026743c0ac60, 0x000002672a2987c0, 0x0000026743c87850
}

Java Threads: ( => current thread )
  0x0000026742a68020 JavaThread "Reference Handler" daemon [_thread_blocked, id=18884, stack(0x000000d319a00000,0x000000d319b00000)]
  0x0000026742a689d0 JavaThread "Finalizer" daemon [_thread_blocked, id=16876, stack(0x000000d319b00000,0x000000d319c00000)]
  0x000002674339c010 JavaThread "Signal Dispatcher" daemon [_thread_blocked, id=4844, stack(0x000000d319c00000,0x000000d319d00000)]
  0x000002674339ebf0 JavaThread "Attach Listener" daemon [_thread_blocked, id=16060, stack(0x000000d319d00000,0x000000d319e00000)]
  0x00000267433a15b0 JavaThread "Service Thread" daemon [_thread_blocked, id=3504, stack(0x000000d319e00000,0x000000d319f00000)]
  0x00000267433ad850 JavaThread "C2 CompilerThread0" daemon [_thread_blocked, id=19912, stack(0x000000d319f00000,0x000000d31a000000)]
  0x00000267433ae2f0 JavaThread "C1 CompilerThread0" daemon [_thread_blocked, id=13456, stack(0x000000d31a000000,0x000000d31a100000)]
  0x0000026743425ff0 JavaThread "Sweeper thread" daemon [_thread_blocked, id=10092, stack(0x000000d31a100000,0x000000d31a200000)]
  0x000002674352ab50 JavaThread "Notification Thread" daemon [_thread_blocked, id=13076, stack(0x000000d31a200000,0x000000d31a300000)]
  0x000002674352ed90 JavaThread "Common-Cleaner" daemon [_thread_blocked, id=19364, stack(0x000000d31a400000,0x000000d31a500000)]
  0x000002674399c9a0 JavaThread "Java2D Disposer" daemon [_thread_blocked, id=8220, stack(0x000000d31a500000,0x000000d31a600000)]
  0x000002674395a7a0 JavaThread "AWT-Shutdown" [_thread_blocked, id=17228, stack(0x000000d31a600000,0x000000d31a700000)]
  0x000002674396ed10 JavaThread "AWT-Windows" daemon [_thread_blocked, id=14944, stack(0x000000d31a700000,0x000000d31a800000)]
  0x0000026743c0ac60 JavaThread "AWT-EventQueue-0" [_thread_blocked, id=17372, stack(0x000000d31ae00000,0x000000d31af00000)]
  0x000002672a2987c0 JavaThread "DestroyJavaVM" [_thread_blocked, id=17108, stack(0x000000d319300000,0x000000d319400000)]
  0x0000026743c87850 JavaThread "D3D Screen Updater" daemon [_thread_blocked, id=9600, stack(0x000000d31b000000,0x000000d31b100000)]

Other Threads:
=>0x0000026742a2f2d0 VMThread "VM Thread" [stack: 0x000000d319900000,0x000000d319a00000] [id=9520]
  0x000002674352b020 WatcherThread [stack: 0x000000d31a300000,0x000000d31a400000] [id=14576]
  0x000002672a2cf1d0 GCTaskThread "GC Thread#0" [stack: 0x000000d319400000,0x000000d319500000] [id=15140]
  0x0000026743e41850 GCTaskThread "GC Thread#1" [stack: 0x000000d31b100000,0x000000d31b200000] [id=8780]
  0x0000026743e3fba0 GCTaskThread "GC Thread#2" [stack: 0x000000d31b200000,0x000000d31b300000] [id=1900]
  0x0000026743e41b80 GCTaskThread "GC Thread#3" [stack: 0x000000d31b300000,0x000000d31b400000] [id=19316]
  0x000002672a2deab0 ConcurrentGCThread "G1 Main Marker" [stack: 0x000000d319500000,0x000000d319600000] [id=2780]
  0x000002672a2df620 ConcurrentGCThread "G1 Conc#0" [stack: 0x000000d319600000,0x000000d319700000] [id=21456]
  0x000002672a348b10 ConcurrentGCThread "G1 Refine#0" [stack: 0x000000d319700000,0x000000d319800000] [id=2320]
  0x000002672a3493d0 ConcurrentGCThread "G1 Young RemSet Sampling" [stack: 0x000000d319800000,0x000000d319900000] [id=8896]

Threads with active compile tasks:

VM state: at safepoint (normal execution)

VM Mutex/Monitor currently owned by a thread:  ([mutex/lock_event])
[0x000002672a293af0] Threads_lock - owner thread: 0x0000026742a2f2d0
[0x000002672a2939d0] Heap_lock - owner thread: 0x0000026743c0ac60

Heap address: 0x00000000a0c00000, size: 1524 MB, Compressed Oops mode: 32-bit
CDS disabled.
Compressed class space mapped at: 0x0000000100000000-0x0000000140000000, size: 1073741824
Narrow klass base: 0x0000000000000000, Narrow klass shift: 3, Narrow klass range: 0x140000000

GC Precious Log:
 CPUs: 4 total, 4 available
 Memory: 6095M
 Large Page Support: Disabled
 NUMA Support: Disabled
 Compressed Oops: Enabled (32-bit)
 Heap Region Size: 1M
 Heap Min Capacity: 8M
 Heap Initial Capacity: 96M
 Heap Max Capacity: 1524M
 Pre-touch: Disabled
 Parallel Workers: 4
 Concurrent Workers: 1
 Concurrent Refinement Workers: 4
 Periodic GC: Disabled

Heap:
 garbage-first heap   total 98304K, used 2649K [0x00000000a0c00000, 0x0000000100000000)
  region size 1024K, 2 young (2048K), 2 survivors (2048K)
 Metaspace       used 13848K, capacity 13958K, committed 14080K, reserved 1071104K
  class space    used 1401K, capacity 1469K, committed 1536K, reserved 1048576K

Heap Regions: E=young(eden), S=young(survivor), O=old, HS=humongous(starts), HC=humongous(continues), CS=collection set, F=free, OA=open archive, CA=closed archive, TAMS=top-at-mark-start (previous, next)
|   0|0x00000000a0c00000, 0x00000000a0c96600, 0x00000000a0d00000| 58%| O|  |TAMS 0x00000000a0c00000, 0x00000000a0c00000| Untracked 
|   1|0x00000000a0d00000, 0x00000000a0d00000, 0x00000000a0e00000|  0%| F|  |TAMS 0x00000000a0d00000, 0x00000000a0d00000| Untracked 
|   2|0x00000000a0e00000, 0x00000000a0e00000, 0x00000000a0f00000|  0%| F|  |TAMS 0x00000000a0e00000, 0x00000000a0e00000| Untracked 
|   3|0x00000000a0f00000, 0x00000000a0f00000, 0x00000000a1000000|  0%| F|  |TAMS 0x00000000a0f00000, 0x00000000a0f00000| Untracked 
|   4|0x00000000a1000000, 0x00000000a1000000, 0x00000000a1100000|  0%| F|  |TAMS 0x00000000a1000000, 0x00000000a1000000| Untracked 
|   5|0x00000000a1100000, 0x00000000a1100000, 0x00000000a1200000|  0%| F|  |TAMS 0x00000000a1100000, 0x00000000a1100000| Untracked 
|   6|0x00000000a1200000, 0x00000000a1200000, 0x00000000a1300000|  0%| F|  |TAMS 0x00000000a1200000, 0x00000000a1200000| Untracked 
|   7|0x00000000a1300000, 0x00000000a1300000, 0x00000000a1400000|  0%| F|  |TAMS 0x00000000a1300000, 0x00000000a1300000| Untracked 
|   8|0x00000000a1400000, 0x00000000a1400000, 0x00000000a1500000|  0%| F|  |TAMS 0x00000000a1400000, 0x00000000a1400000| Untracked 
|   9|0x00000000a1500000, 0x00000000a1500000, 0x00000000a1600000|  0%| F|  |TAMS 0x00000000a1500000, 0x00000000a1500000| Untracked 
|  10|0x00000000a1600000, 0x00000000a1600000, 0x00000000a1700000|  0%| F|  |TAMS 0x00000000a1600000, 0x00000000a1600000| Untracked 
|  11|0x00000000a1700000, 0x00000000a1700000, 0x00000000a1800000|  0%| F|  |TAMS 0x00000000a1700000, 0x00000000a1700000| Untracked 
|  12|0x00000000a1800000, 0x00000000a1800000, 0x00000000a1900000|  0%| F|  |TAMS 0x00000000a1800000, 0x00000000a1800000| Untracked 
|  13|0x00000000a1900000, 0x00000000a1900000, 0x00000000a1a00000|  0%| F|  |TAMS 0x00000000a1900000, 0x00000000a1900000| Untracked 
|  14|0x00000000a1a00000, 0x00000000a1a00000, 0x00000000a1b00000|  0%| F|  |TAMS 0x00000000a1a00000, 0x00000000a1a00000| Untracked 
|  15|0x00000000a1b00000, 0x00000000a1b00000, 0x00000000a1c00000|  0%| F|  |TAMS 0x00000000a1b00000, 0x00000000a1b00000| Untracked 
|  16|0x00000000a1c00000, 0x00000000a1c00000, 0x00000000a1d00000|  0%| F|  |TAMS 0x00000000a1c00000, 0x00000000a1c00000| Untracked 
|  17|0x00000000a1d00000, 0x00000000a1d00000, 0x00000000a1e00000|  0%| F|  |TAMS 0x00000000a1d00000, 0x00000000a1d00000| Untracked 
|  18|0x00000000a1e00000, 0x00000000a1e00000, 0x00000000a1f00000|  0%| F|  |TAMS 0x00000000a1e00000, 0x00000000a1e00000| Untracked 
|  19|0x00000000a1f00000, 0x00000000a1f00000, 0x00000000a2000000|  0%| F|  |TAMS 0x00000000a1f00000, 0x00000000a1f00000| Untracked 
|  20|0x00000000a2000000, 0x00000000a2000000, 0x00000000a2100000|  0%| F|  |TAMS 0x00000000a2000000, 0x00000000a2000000| Untracked 
|  21|0x00000000a2100000, 0x00000000a2100000, 0x00000000a2200000|  0%| F|  |TAMS 0x00000000a2100000, 0x00000000a2100000| Untracked 
|  22|0x00000000a2200000, 0x00000000a2200000, 0x00000000a2300000|  0%| F|  |TAMS 0x00000000a2200000, 0x00000000a2200000| Untracked 
|  23|0x00000000a2300000, 0x00000000a2300000, 0x00000000a2400000|  0%| F|  |TAMS 0x00000000a2300000, 0x00000000a2300000| Untracked 
|  24|0x00000000a2400000, 0x00000000a2400000, 0x00000000a2500000|  0%| F|  |TAMS 0x00000000a2400000, 0x00000000a2400000| Untracked 
|  25|0x00000000a2500000, 0x00000000a2500000, 0x00000000a2600000|  0%| F|  |TAMS 0x00000000a2500000, 0x00000000a2500000| Untracked 
|  26|0x00000000a2600000, 0x00000000a2600000, 0x00000000a2700000|  0%| F|  |TAMS 0x00000000a2600000, 0x00000000a2600000| Untracked 
|  27|0x00000000a2700000, 0x00000000a2700000, 0x00000000a2800000|  0%| F|  |TAMS 0x00000000a2700000, 0x00000000a2700000| Untracked 
|  28|0x00000000a2800000, 0x00000000a2800000, 0x00000000a2900000|  0%| F|  |TAMS 0x00000000a2800000, 0x00000000a2800000| Untracked 
|  29|0x00000000a2900000, 0x00000000a2900000, 0x00000000a2a00000|  0%| F|  |TAMS 0x00000000a2900000, 0x00000000a2900000| Untracked 
|  30|0x00000000a2a00000, 0x00000000a2a00000, 0x00000000a2b00000|  0%| F|  |TAMS 0x00000000a2a00000, 0x00000000a2a00000| Untracked 
|  31|0x00000000a2b00000, 0x00000000a2b00000, 0x00000000a2c00000|  0%| F|  |TAMS 0x00000000a2b00000, 0x00000000a2b00000| Untracked 
|  32|0x00000000a2c00000, 0x00000000a2c00000, 0x00000000a2d00000|  0%| F|  |TAMS 0x00000000a2c00000, 0x00000000a2c00000| Untracked 
|  33|0x00000000a2d00000, 0x00000000a2d00000, 0x00000000a2e00000|  0%| F|  |TAMS 0x00000000a2d00000, 0x00000000a2d00000| Untracked 
|  34|0x00000000a2e00000, 0x00000000a2e00000, 0x00000000a2f00000|  0%| F|  |TAMS 0x00000000a2e00000, 0x00000000a2e00000| Untracked 
|  35|0x00000000a2f00000, 0x00000000a2f00000, 0x00000000a3000000|  0%| F|  |TAMS 0x00000000a2f00000, 0x00000000a2f00000| Untracked 
|  36|0x00000000a3000000, 0x00000000a3000000, 0x00000000a3100000|  0%| F|  |TAMS 0x00000000a3000000, 0x00000000a3000000| Untracked 
|  37|0x00000000a3100000, 0x00000000a3100000, 0x00000000a3200000|  0%| F|  |TAMS 0x00000000a3100000, 0x00000000a3100000| Untracked 
|  38|0x00000000a3200000, 0x00000000a3200000, 0x00000000a3300000|  0%| F|  |TAMS 0x00000000a3200000, 0x00000000a3200000| Untracked 
|  39|0x00000000a3300000, 0x00000000a3300000, 0x00000000a3400000|  0%| F|  |TAMS 0x00000000a3300000, 0x00000000a3300000| Untracked 
|  40|0x00000000a3400000, 0x00000000a3400000, 0x00000000a3500000|  0%| F|  |TAMS 0x00000000a3400000, 0x00000000a3400000| Untracked 
|  41|0x00000000a3500000, 0x00000000a3500000, 0x00000000a3600000|  0%| F|  |TAMS 0x00000000a3500000, 0x00000000a3500000| Untracked 
|  42|0x00000000a3600000, 0x00000000a3600000, 0x00000000a3700000|  0%| F|  |TAMS 0x00000000a3600000, 0x00000000a3600000| Untracked 
|  43|0x00000000a3700000, 0x00000000a3700000, 0x00000000a3800000|  0%| F|  |TAMS 0x00000000a3700000, 0x00000000a3700000| Untracked 
|  44|0x00000000a3800000, 0x00000000a3800000, 0x00000000a3900000|  0%| F|  |TAMS 0x00000000a3800000, 0x00000000a3800000| Untracked 
|  45|0x00000000a3900000, 0x00000000a3900000, 0x00000000a3a00000|  0%| F|  |TAMS 0x00000000a3900000, 0x00000000a3900000| Untracked 
|  46|0x00000000a3a00000, 0x00000000a3a00000, 0x00000000a3b00000|  0%| F|  |TAMS 0x00000000a3a00000, 0x00000000a3a00000| Untracked 
|  47|0x00000000a3b00000, 0x00000000a3b00000, 0x00000000a3c00000|  0%| F|  |TAMS 0x00000000a3b00000, 0x00000000a3b00000| Untracked 
|  48|0x00000000a3c00000, 0x00000000a3c00000, 0x00000000a3d00000|  0%| F|  |TAMS 0x00000000a3c00000, 0x00000000a3c00000| Untracked 
|  49|0x00000000a3d00000, 0x00000000a3d00000, 0x00000000a3e00000|  0%| F|  |TAMS 0x00000000a3d00000, 0x00000000a3d00000| Untracked 
|  50|0x00000000a3e00000, 0x00000000a3e00000, 0x00000000a3f00000|  0%| F|  |TAMS 0x00000000a3e00000, 0x00000000a3e00000| Untracked 
|  51|0x00000000a3f00000, 0x00000000a3f00000, 0x00000000a4000000|  0%| F|  |TAMS 0x00000000a3f00000, 0x00000000a3f00000| Untracked 
|  52|0x00000000a4000000, 0x00000000a4000000, 0x00000000a4100000|  0%| F|  |TAMS 0x00000000a4000000, 0x00000000a4000000| Untracked 
|  53|0x00000000a4100000, 0x00000000a4100000, 0x00000000a4200000|  0%| F|  |TAMS 0x00000000a4100000, 0x00000000a4100000| Untracked 
|  54|0x00000000a4200000, 0x00000000a4200000, 0x00000000a4300000|  0%| F|  |TAMS 0x00000000a4200000, 0x00000000a4200000| Untracked 
|  55|0x00000000a4300000, 0x00000000a4300000, 0x00000000a4400000|  0%| F|  |TAMS 0x00000000a4300000, 0x00000000a4300000| Untracked 
|  56|0x00000000a4400000, 0x00000000a4400000, 0x00000000a4500000|  0%| F|  |TAMS 0x00000000a4400000, 0x00000000a4400000| Untracked 
|  57|0x00000000a4500000, 0x00000000a4500000, 0x00000000a4600000|  0%| F|  |TAMS 0x00000000a4500000, 0x00000000a4500000| Untracked 
|  58|0x00000000a4600000, 0x00000000a4600000, 0x00000000a4700000|  0%| F|  |TAMS 0x00000000a4600000, 0x00000000a4600000| Untracked 
|  59|0x00000000a4700000, 0x00000000a4700000, 0x00000000a4800000|  0%| F|  |TAMS 0x00000000a4700000, 0x00000000a4700000| Untracked 
|  60|0x00000000a4800000, 0x00000000a4800000, 0x00000000a4900000|  0%| F|  |TAMS 0x00000000a4800000, 0x00000000a4800000| Untracked 
|  61|0x00000000a4900000, 0x00000000a4900000, 0x00000000a4a00000|  0%| F|  |TAMS 0x00000000a4900000, 0x00000000a4900000| Untracked 
|  62|0x00000000a4a00000, 0x00000000a4a00000, 0x00000000a4b00000|  0%| F|  |TAMS 0x00000000a4a00000, 0x00000000a4a00000| Untracked 
|  63|0x00000000a4b00000, 0x00000000a4b00000, 0x00000000a4c00000|  0%| F|  |TAMS 0x00000000a4b00000, 0x00000000a4b00000| Untracked 
|  64|0x00000000a4c00000, 0x00000000a4c00000, 0x00000000a4d00000|  0%| F|  |TAMS 0x00000000a4c00000, 0x00000000a4c00000| Untracked 
|  65|0x00000000a4d00000, 0x00000000a4d00000, 0x00000000a4e00000|  0%| F|  |TAMS 0x00000000a4d00000, 0x00000000a4d00000| Untracked 
|  66|0x00000000a4e00000, 0x00000000a4e00000, 0x00000000a4f00000|  0%| F|  |TAMS 0x00000000a4e00000, 0x00000000a4e00000| Untracked 
|  67|0x00000000a4f00000, 0x00000000a4f00000, 0x00000000a5000000|  0%| F|  |TAMS 0x00000000a4f00000, 0x00000000a4f00000| Untracked 
|  68|0x00000000a5000000, 0x00000000a5000000, 0x00000000a5100000|  0%| F|  |TAMS 0x00000000a5000000, 0x00000000a5000000| Untracked 
|  69|0x00000000a5100000, 0x00000000a5100000, 0x00000000a5200000|  0%| F|  |TAMS 0x00000000a5100000, 0x00000000a5100000| Untracked 
|  70|0x00000000a5200000, 0x00000000a5200000, 0x00000000a5300000|  0%| F|  |TAMS 0x00000000a5200000, 0x00000000a5200000| Untracked 
|  71|0x00000000a5300000, 0x00000000a5300000, 0x00000000a5400000|  0%| F|  |TAMS 0x00000000a5300000, 0x00000000a5300000| Untracked 
|  72|0x00000000a5400000, 0x00000000a5400000, 0x00000000a5500000|  0%| F|  |TAMS 0x00000000a5400000, 0x00000000a5400000| Untracked 
|  73|0x00000000a5500000, 0x00000000a5500000, 0x00000000a5600000|  0%| F|  |TAMS 0x00000000a5500000, 0x00000000a5500000| Untracked 
|  74|0x00000000a5600000, 0x00000000a5600000, 0x00000000a5700000|  0%| F|  |TAMS 0x00000000a5600000, 0x00000000a5600000| Untracked 
|  75|0x00000000a5700000, 0x00000000a5700000, 0x00000000a5800000|  0%| F|  |TAMS 0x00000000a5700000, 0x00000000a5700000| Untracked 
|  76|0x00000000a5800000, 0x00000000a5800000, 0x00000000a5900000|  0%| F|  |TAMS 0x00000000a5800000, 0x00000000a5800000| Untracked 
|  77|0x00000000a5900000, 0x00000000a5900000, 0x00000000a5a00000|  0%| F|  |TAMS 0x00000000a5900000, 0x00000000a5900000| Untracked 
|  78|0x00000000a5a00000, 0x00000000a5a00000, 0x00000000a5b00000|  0%| F|  |TAMS 0x00000000a5a00000, 0x00000000a5a00000| Untracked 
|  79|0x00000000a5b00000, 0x00000000a5b00000, 0x00000000a5c00000|  0%| F|  |TAMS 0x00000000a5b00000, 0x00000000a5b00000| Untracked 
|  80|0x00000000a5c00000, 0x00000000a5c00000, 0x00000000a5d00000|  0%| F|  |TAMS 0x00000000a5c00000, 0x00000000a5c00000| Untracked 
|  81|0x00000000a5d00000, 0x00000000a5d00000, 0x00000000a5e00000|  0%| F|  |TAMS 0x00000000a5d00000, 0x00000000a5d00000| Untracked 
|  82|0x00000000a5e00000, 0x00000000a5f00000, 0x00000000a5f00000|100%| S|CS|TAMS 0x00000000a5e00000, 0x00000000a5e00000| Complete 
|  83|0x00000000a5f00000, 0x00000000a6000000, 0x00000000a6000000|100%| S|CS|TAMS 0x00000000a5f00000, 0x00000000a5f00000| Complete 
|  84|0x00000000a6000000, 0x00000000a6000000, 0x00000000a6100000|  0%| F|  |TAMS 0x00000000a6000000, 0x00000000a6000000| Untracked 
|  85|0x00000000a6100000, 0x00000000a6100000, 0x00000000a6200000|  0%| F|  |TAMS 0x00000000a6100000, 0x00000000a6100000| Untracked 
|  86|0x00000000a6200000, 0x00000000a6200000, 0x00000000a6300000|  0%| F|  |TAMS 0x00000000a6200000, 0x00000000a6200000| Untracked 
|  87|0x00000000a6300000, 0x00000000a6300000, 0x00000000a6400000|  0%| F|  |TAMS 0x00000000a6300000, 0x00000000a6300000| Untracked 
|  88|0x00000000a6400000, 0x00000000a6400000, 0x00000000a6500000|  0%| F|  |TAMS 0x00000000a6400000, 0x00000000a6400000| Untracked 
|  89|0x00000000a6500000, 0x00000000a6500000, 0x00000000a6600000|  0%| F|  |TAMS 0x00000000a6500000, 0x00000000a6500000| Untracked 
|  90|0x00000000a6600000, 0x00000000a6600000, 0x00000000a6700000|  0%| F|  |TAMS 0x00000000a6600000, 0x00000000a6600000| Untracked 
|  91|0x00000000a6700000, 0x00000000a6700000, 0x00000000a6800000|  0%| F|  |TAMS 0x00000000a6700000, 0x00000000a6700000| Untracked 
|  92|0x00000000a6800000, 0x00000000a6800000, 0x00000000a6900000|  0%| F|  |TAMS 0x00000000a6800000, 0x00000000a6800000| Untracked 
|  93|0x00000000a6900000, 0x00000000a6900000, 0x00000000a6a00000|  0%| F|  |TAMS 0x00000000a6900000, 0x00000000a6900000| Untracked 
|  94|0x00000000a6a00000, 0x00000000a6a00000, 0x00000000a6b00000|  0%| F|  |TAMS 0x00000000a6a00000, 0x00000000a6a00000| Untracked 
|  95|0x00000000a6b00000, 0x00000000a6b00000, 0x00000000a6c00000|  0%| F|  |TAMS 0x00000000a6b00000, 0x00000000a6b00000| Untracked 

Card table byte_map: [0x000002673cfa0000,0x000002673d2a0000] _byte_map_base: 0x000002673ca9a000

Marking Bits (Prev, Next): (CMBitMap*) 0x000002672a2d1960, (CMBitMap*) 0x000002672a2d19a0
 Prev Bits: [0x000002673d5a0000, 0x000002673ed70000)
 Next Bits: [0x000002673ed70000, 0x0000026740540000)

Polling page: 0x0000026728120000

Metaspace:

Usage:
  Non-class:     12.20 MB capacity,    12.16 MB (>99%) used,    25.91 KB ( <1%) free+waste,    15.56 KB ( <1%) overhead. 
      Class:      1.43 MB capacity,     1.37 MB ( 95%) used,    62.15 KB (  4%) free+waste,     5.56 KB ( <1%) overhead. 
       Both:     13.63 MB capacity,    13.52 MB (>99%) used,    88.06 KB ( <1%) free+waste,    21.13 KB ( <1%) overhead. 

Virtual space:
  Non-class space:       22.00 MB reserved,      12.25 MB ( 56%) committed 
      Class space:        1.00 GB reserved,       1.50 MB ( <1%) committed 
             Both:        1.02 GB reserved,      13.75 MB (  1%) committed 

Chunk freelists:
   Non-Class:  55.00 KB
       Class:  3.00 KB
        Both:  58.00 KB

MaxMetaspaceSize: 17179869184.00 GB
CompressedClassSpaceSize: 1.00 GB

CodeHeap 'non-profiled nmethods': size=120000Kb used=236Kb max_used=236Kb free=119763Kb
 bounds [0x0000026735770000, 0x00000267359e0000, 0x000002673cca0000]
CodeHeap 'profiled nmethods': size=120000Kb used=1344Kb max_used=1344Kb free=118655Kb
 bounds [0x000002672e240000, 0x000002672e4b0000, 0x0000026735770000]
CodeHeap 'non-nmethods': size=5760Kb used=1272Kb max_used=1276Kb free=4487Kb
 bounds [0x000002672dca0000, 0x000002672df10000, 0x000002672e240000]
 total_blobs=1466 nmethods=903 adapters=476
 compilation: enabled
              stopped_count=0, restarted_count=0
 full_count=0

Compilation events (20 events):
Event: 1.538 Thread 0x00000267433ae2f0  894       1       sun.java2d.SurfaceData::isValid (5 bytes)
Event: 1.538 Thread 0x00000267433ae2f0 nmethod 894 0x00000267357aa790 code [0x00000267357aa920, 0x00000267357aa9d8]
Event: 1.539 Thread 0x00000267433ae2f0  896       3       java.util.ArrayList::get (15 bytes)
Event: 1.539 Thread 0x00000267433ae2f0 nmethod 896 0x000002672e38e610 code [0x000002672e38e7e0, 0x000002672e38eb08]
Event: 1.539 Thread 0x00000267433ae2f0  897       3       java.util.ArrayList::elementData (7 bytes)
Event: 1.539 Thread 0x00000267433ae2f0 nmethod 897 0x000002672e38ec90 code [0x000002672e38ee20, 0x000002672e38ef58]
Event: 1.551 Thread 0x00000267433ae2f0  898       1       java.awt.Component::getWidth (5 bytes)
Event: 1.551 Thread 0x00000267433ae2f0 nmethod 898 0x00000267357aaa90 code [0x00000267357aac20, 0x00000267357aacd8]
Event: 1.551 Thread 0x00000267433ae2f0  899       1       java.awt.Component::getHeight (5 bytes)
Event: 1.551 Thread 0x00000267433ae2f0 nmethod 899 0x00000267357aad90 code [0x00000267357aaf20, 0x00000267357aafd8]
Event: 1.567 Thread 0x00000267433ae2f0  900       3       java.awt.geom.Rectangle2D::<init> (5 bytes)
Event: 1.567 Thread 0x00000267433ae2f0 nmethod 900 0x000002672e38f010 code [0x000002672e38f1c0, 0x000002672e38f378]
Event: 1.567 Thread 0x00000267433ae2f0  901       3       java.awt.geom.RectangularShape::<init> (5 bytes)
Event: 1.567 Thread 0x00000267433ae2f0 nmethod 901 0x000002672e38f490 code [0x000002672e38f620, 0x000002672e38f778]
Event: 1.568 Thread 0x00000267433ae2f0  902       3       java.awt.Rectangle::<init> (26 bytes)
Event: 1.568 Thread 0x00000267433ae2f0 nmethod 902 0x000002672e38f810 code [0x000002672e38f9c0, 0x000002672e38fbf8]
Event: 1.568 Thread 0x00000267433ae2f0  903       3       java.awt.Component::getParent (5 bytes)
Event: 1.568 Thread 0x00000267433ae2f0 nmethod 903 0x000002672e38fd10 code [0x000002672e38fea0, 0x000002672e38ffb8]
Event: 1.568 Thread 0x00000267433ae2f0  904       1       java.util.concurrent.locks.AbstractOwnableSynchronizer::getExclusiveOwnerThread (5 bytes)
Event: 1.569 Thread 0x00000267433ae2f0 nmethod 904 0x00000267357ab090 code [0x00000267357ab220, 0x00000267357ab2d8]

GC Heap History (2 events):
Event: 1.569 GC heap before
{Heap before GC invocations=0 (full 0):
 garbage-first heap   total 98304K, used 10240K [0x00000000a0c00000, 0x0000000100000000)
  region size 1024K, 12 young (12288K), 0 survivors (0K)
 Metaspace       used 13848K, capacity 13958K, committed 14080K, reserved 1069056K
  class space    used 1401K, capacity 1469K, committed 1536K, reserved 1048576K
}
Event: 1.575 GC heap after
{Heap after GC invocations=1 (full 0):
 garbage-first heap   total 98304K, used 2649K [0x00000000a0c00000, 0x0000000100000000)
  region size 1024K, 2 young (2048K), 2 survivors (2048K)
 Metaspace       used 13848K, capacity 13958K, committed 14080K, reserved 1069056K
  class space    used 1401K, capacity 1469K, committed 1536K, reserved 1048576K
}

Deoptimization events (20 events):
Event: 1.443 Thread 0x0000026743c0ac60 Uncommon trap: trap_request=0xffffffde fr.pc=0x000002673579ce5c relative=0x0000000000000a3c
Event: 1.443 Thread 0x0000026743c0ac60 Uncommon trap: reason=class_check action=maybe_recompile pc=0x000002673579ce5c method=java.util.HashMap.putVal(ILjava/lang/Object;Ljava/lang/Object;ZZ)Ljava/lang/Object; @ 203 c2
Event: 1.443 Thread 0x0000026743c0ac60 DEOPT PACKING pc=0x000002673579ce5c sp=0x000000d31aefd250
Event: 1.443 Thread 0x0000026743c0ac60 DEOPT UNPACKING pc=0x000002672dcee42f sp=0x000000d31aefd1f0 mode 2
Event: 1.446 Thread 0x0000026743c0ac60 Uncommon trap: trap_request=0xffffffde fr.pc=0x000002673579ce5c relative=0x0000000000000a3c
Event: 1.446 Thread 0x0000026743c0ac60 Uncommon trap: reason=class_check action=maybe_recompile pc=0x000002673579ce5c method=java.util.HashMap.putVal(ILjava/lang/Object;Ljava/lang/Object;ZZ)Ljava/lang/Object; @ 203 c2
Event: 1.446 Thread 0x0000026743c0ac60 DEOPT PACKING pc=0x000002673579ce5c sp=0x000000d31aefd340
Event: 1.446 Thread 0x0000026743c0ac60 DEOPT UNPACKING pc=0x000002672dcee42f sp=0x000000d31aefd2e0 mode 2
Event: 1.451 Thread 0x0000026743c0ac60 Uncommon trap: trap_request=0xffffffde fr.pc=0x000002673579ce5c relative=0x0000000000000a3c
Event: 1.451 Thread 0x0000026743c0ac60 Uncommon trap: reason=class_check action=maybe_recompile pc=0x000002673579ce5c method=java.util.HashMap.putVal(ILjava/lang/Object;Ljava/lang/Object;ZZ)Ljava/lang/Object; @ 203 c2
Event: 1.451 Thread 0x0000026743c0ac60 DEOPT PACKING pc=0x000002673579ce5c sp=0x000000d31aefd250
Event: 1.451 Thread 0x0000026743c0ac60 DEOPT UNPACKING pc=0x000002672dcee42f sp=0x000000d31aefd1f0 mode 2
Event: 1.451 Thread 0x0000026743c0ac60 Uncommon trap: trap_request=0xffffffde fr.pc=0x000002673579ce5c relative=0x0000000000000a3c
Event: 1.451 Thread 0x0000026743c0ac60 Uncommon trap: reason=class_check action=maybe_recompile pc=0x000002673579ce5c method=java.util.HashMap.putVal(ILjava/lang/Object;Ljava/lang/Object;ZZ)Ljava/lang/Object; @ 203 c2
Event: 1.451 Thread 0x0000026743c0ac60 DEOPT PACKING pc=0x000002673579ce5c sp=0x000000d31aefd250
Event: 1.451 Thread 0x0000026743c0ac60 DEOPT UNPACKING pc=0x000002672dcee42f sp=0x000000d31aefd1f0 mode 2
Event: 1.480 Thread 0x0000026743c0ac60 Uncommon trap: trap_request=0xffffff45 fr.pc=0x00000267357a74b4 relative=0x0000000000000034
Event: 1.480 Thread 0x0000026743c0ac60 Uncommon trap: reason=unstable_if action=reinterpret pc=0x00000267357a74b4 method=java.lang.Character.isSurrogate(C)Z @ 3 c2
Event: 1.480 Thread 0x0000026743c0ac60 DEOPT PACKING pc=0x00000267357a74b4 sp=0x000000d31aefd320
Event: 1.480 Thread 0x0000026743c0ac60 DEOPT UNPACKING pc=0x000002672dcee42f sp=0x000000d31aefd2b8 mode 2

Classes unloaded (0 events):
No events

Classes redefined (0 events):
No events

Internal exceptions (12 events):
Event: 0.189 Thread 0x000002672a2987c0 Exception <a 'java/lang/NoSuchMethodError'{0x00000000a6bee7f8}: 'void java.lang.invoke.DirectMethodHandle$Holder.invokeSpecial(java.lang.Object, java.lang.Object, java.lang.Object)'> (0x00000000a6bee7f8) 
thrown [./open/src/hotspot/share/interpreter/linkResolver.cpp, line 782]
Event: 0.229 Thread 0x000002672a2987c0 Exception <a 'java/lang/ClassNotFoundException'{0x00000000a6a0e7f0}: sun/awt/resources/spi/awtProvider> (0x00000000a6a0e7f0) 
thrown [./open/src/hotspot/share/classfile/systemDictionary.cpp, line 295]
Event: 0.282 Thread 0x000002672a2987c0 Exception <a 'java/io/FileNotFoundException'{0x00000000a6a6a6d0}> (0x00000000a6a6a6d0) 
thrown [./open/src/hotspot/share/prims/jni.cpp, line 578]
Event: 0.306 Thread 0x000002672a2987c0 Exception <a 'java/io/FileNotFoundException'{0x00000000a6a99260}> (0x00000000a6a99260) 
thrown [./open/src/hotspot/share/prims/jni.cpp, line 578]
Event: 0.307 Thread 0x000002672a2987c0 Exception <a 'java/lang/NoSuchMethodError'{0x00000000a6a9a5d0}: 'java.lang.Object java.lang.invoke.DirectMethodHandle$Holder.invokeStatic(java.lang.Object)'> (0x00000000a6a9a5d0) 
thrown [./open/src/hotspot/share/interpreter/linkResolver.cpp, line 782]
Event: 0.409 Thread 0x000002672a2987c0 Exception <a 'java/lang/NoSuchMethodError'{0x00000000a6af6708}: 'java.lang.Object java.lang.invoke.DirectMethodHandle$Holder.invokeStaticInit(java.lang.Object)'> (0x00000000a6af6708) 
thrown [./open/src/hotspot/share/interpreter/linkResolver.cpp, line 782]
Event: 0.605 Thread 0x000002672a2987c0 Exception <a 'java/lang/NoSuchMethodError'{0x00000000a69ac620}: 'java.lang.Object java.lang.invoke.DirectMethodHandle$Holder.newInvokeSpecial(java.lang.Object, java.lang.Object, java.lang.Object, java.lang.Object, java.lang.Object)'> (0x00000000a69ac620) 
thrown [./open/src/hotspot/share/interpreter/linkResolver.cpp, line 782]
Event: 0.608 Thread 0x000002672a2987c0 Exception <a 'java/lang/NoSuchMethodError'{0x00000000a69b80b0}: 'java.lang.Object java.lang.invoke.DirectMethodHandle$Holder.invokeStatic(java.lang.Object, int, java.lang.Object, java.lang.Object, java.lang.Object, java.lang.Object)'> (0x00000000a69b80b0) 
thrown [./open/src/hotspot/share/interpreter/linkResolver.cpp, line 782]
Event: 0.614 Thread 0x000002672a2987c0 Exception <a 'java/lang/NoSuchMethodError'{0x00000000a69de5b0}: 'java.lang.Object java.lang.invoke.DirectMethodHandle$Holder.invokeStatic(java.lang.Object, int, java.lang.Object)'> (0x00000000a69de5b0) 
thrown [./open/src/hotspot/share/interpreter/linkResolver.cpp, line 782]
Event: 0.665 Thread 0x000002672a2987c0 Exception <a 'java/lang/ClassNotFoundException'{0x00000000a6897040}: com/sun/swing/internal/plaf/metal/resources/spi/metalProvider> (0x00000000a6897040) 
thrown [./open/src/hotspot/share/classfile/systemDictionary.cpp, line 295]
Event: 0.667 Thread 0x000002672a2987c0 Exception <a 'java/lang/ClassNotFoundException'{0x00000000a689b0d0}: com/sun/swing/internal/plaf/basic/resources/spi/basicProvider> (0x00000000a689b0d0) 
thrown [./open/src/hotspot/share/classfile/systemDictionary.cpp, line 295]
Event: 0.775 Thread 0x000002672a2987c0 Exception <a 'java/lang/NoSuchMethodError'{0x00000000a6746320}: 'void java.lang.invoke.DirectMethodHandle$Holder.invokeStaticInit(java.lang.Object)'> (0x00000000a6746320) 
thrown [./open/src/hotspot/share/interpreter/linkResolver.cpp, line 782]

Events (20 events):
Event: 1.547 loading class java/awt/image/BufferedImage$1 done
Event: 1.547 loading class sun/awt/image/BufImgSurfaceData
Event: 1.548 loading class sun/awt/image/BufImgSurfaceData done
Event: 1.548 loading class sun/awt/image/BufImgSurfaceData$ICMColorData
Event: 1.548 loading class sun/awt/image/BufImgSurfaceData$ICMColorData done
Event: 1.549 loading class sun/awt/image/BufferedImageDevice
Event: 1.550 loading class sun/awt/image/BufferedImageDevice done
Event: 1.551 loading class sun/java2d/loops/Blit$GeneralMaskBlit
Event: 1.551 loading class sun/java2d/loops/Blit$GeneralMaskBlit done
Event: 1.551 loading class sun/java2d/loops/MaskBlit$General
Event: 1.551 loading class sun/java2d/loops/GraphicsPrimitive$GeneralBinaryOp
Event: 1.551 loading class sun/java2d/loops/GraphicsPrimitive$GeneralBinaryOp done
Event: 1.551 loading class sun/java2d/loops/MaskBlit$General done
Event: 1.569 loading class java/awt/DefaultKeyboardFocusManager$DefaultKeyboardFocusManagerSentEvent
Event: 1.569 loading class java/awt/SentEvent
Event: 1.569 loading class java/awt/SentEvent done
Event: 1.569 loading class java/awt/DefaultKeyboardFocusManager$DefaultKeyboardFocusManagerSentEvent done
Event: 1.569 loading class sun/awt/WeakIdentityHashMap$WeakKey
Event: 1.569 loading class sun/awt/WeakIdentityHashMap$WeakKey done
Event: 1.569 Executing VM operation: CollectForMetadataAllocation


Dynamic libraries:
0x00007ff60b180000 - 0x00007ff60b18d000 	C:\Users\Pichau\.p2\pool\plugins\org.eclipse.justj.openjdk.hotspot.jre.full.win32.x86_64_15.0.2.v20210201-0955\jre\bin\javaw.exe
0x00007ffc4c800000 - 0x00007ffc4c9f0000 	C:\Windows\SYSTEM32\ntdll.dll
0x00007ffc36e20000 - 0x00007ffc36e35000 	C:\Program Files\Avast Software\Avast\aswhook.dll
0x00007ffc4ac00000 - 0x00007ffc4acb2000 	C:\Windows\System32\KERNEL32.DLL
0x00007ffc49ba0000 - 0x00007ffc49e45000 	C:\Windows\System32\KERNELBASE.dll
0x00007ffc49a80000 - 0x00007ffc49b7a000 	C:\Windows\System32\ucrtbase.dll
0x00007ffc34100000 - 0x00007ffc34118000 	C:\Users\Pichau\.p2\pool\plugins\org.eclipse.justj.openjdk.hotspot.jre.full.win32.x86_64_15.0.2.v20210201-0955\jre\bin\jli.dll
0x00007ffc4bac0000 - 0x00007ffc4bc54000 	C:\Windows\System32\USER32.dll
0x00007ffc33580000 - 0x00007ffc33599000 	C:\Users\Pichau\.p2\pool\plugins\org.eclipse.justj.openjdk.hotspot.jre.full.win32.x86_64_15.0.2.v20210201-0955\jre\bin\VCRUNTIME140.dll
0x00007ffc49ef0000 - 0x00007ffc49f11000 	C:\Windows\System32\win32u.dll
0x00007ffc4aac0000 - 0x00007ffc4aae6000 	C:\Windows\System32\GDI32.dll
0x00007ffc498b0000 - 0x00007ffc49a48000 	C:\Windows\System32\gdi32full.dll
0x00007ffc49e50000 - 0x00007ffc49eee000 	C:\Windows\System32\msvcp_win.dll
0x00007ffc3b480000 - 0x00007ffc3b704000 	C:\Windows\WinSxS\amd64_microsoft.windows.common-controls_6595b64144ccf1df_6.0.18362.1500_none_9e79be6de462295c\COMCTL32.dll
0x00007ffc4c710000 - 0x00007ffc4c7ae000 	C:\Windows\System32\msvcrt.dll
0x00007ffc4b780000 - 0x00007ffc4bab6000 	C:\Windows\System32\combase.dll
0x00007ffc4aea0000 - 0x00007ffc4afbf000 	C:\Windows\System32\RPCRT4.dll
0x00007ffc49770000 - 0x00007ffc497f1000 	C:\Windows\System32\bcryptPrimitives.dll
0x00007ffc4acc0000 - 0x00007ffc4acee000 	C:\Windows\System32\IMM32.DLL
0x00007ffc3eb10000 - 0x00007ffc3eb1c000 	C:\Users\Pichau\.p2\pool\plugins\org.eclipse.justj.openjdk.hotspot.jre.full.win32.x86_64_15.0.2.v20210201-0955\jre\bin\vcruntime140_1.dll
0x00007ffc2a070000 - 0x00007ffc2a101000 	C:\Users\Pichau\.p2\pool\plugins\org.eclipse.justj.openjdk.hotspot.jre.full.win32.x86_64_15.0.2.v20210201-0955\jre\bin\msvcp140.dll
0x00007ffbdd3b0000 - 0x00007ffbddf0e000 	C:\Users\Pichau\.p2\pool\plugins\org.eclipse.justj.openjdk.hotspot.jre.full.win32.x86_64_15.0.2.v20210201-0955\jre\bin\server\jvm.dll
0x00007ffc4a8b0000 - 0x00007ffc4a953000 	C:\Windows\System32\ADVAPI32.dll
0x00007ffc4bf50000 - 0x00007ffc4bfe7000 	C:\Windows\System32\sechost.dll
0x00007ffc4bc80000 - 0x00007ffc4bc88000 	C:\Windows\System32\PSAPI.DLL
0x00007ffc3b350000 - 0x00007ffc3b359000 	C:\Windows\SYSTEM32\WSOCK32.dll
0x00007ffc477c0000 - 0x00007ffc477e4000 	C:\Windows\SYSTEM32\WINMM.dll
0x00007ffc4bc90000 - 0x00007ffc4bcff000 	C:\Windows\System32\WS2_32.dll
0x00007ffc47690000 - 0x00007ffc476bd000 	C:\Windows\SYSTEM32\WINMMBASE.dll
0x00007ffc43db0000 - 0x00007ffc43dba000 	C:\Windows\SYSTEM32\VERSION.dll
0x00007ffc49f20000 - 0x00007ffc49f6a000 	C:\Windows\System32\cfgmgr32.dll
0x00007ffc496c0000 - 0x00007ffc496d1000 	C:\Windows\System32\kernel.appcore.dll
0x00007ffc3f510000 - 0x00007ffc3f51a000 	C:\Users\Pichau\.p2\pool\plugins\org.eclipse.justj.openjdk.hotspot.jre.full.win32.x86_64_15.0.2.v20210201-0955\jre\bin\jimage.dll
0x00007ffc44320000 - 0x00007ffc44514000 	C:\Windows\SYSTEM32\DBGHELP.DLL
0x00007ffc42890000 - 0x00007ffc428ba000 	C:\Windows\SYSTEM32\dbgcore.DLL
0x00007ffc30aa0000 - 0x00007ffc30ac5000 	C:\Users\Pichau\.p2\pool\plugins\org.eclipse.justj.openjdk.hotspot.jre.full.win32.x86_64_15.0.2.v20210201-0955\jre\bin\java.dll
0x00007ffc3ebb0000 - 0x00007ffc3ebc8000 	C:\Users\Pichau\.p2\pool\plugins\org.eclipse.justj.openjdk.hotspot.jre.full.win32.x86_64_15.0.2.v20210201-0955\jre\bin\zip.dll
0x00007ffc4b090000 - 0x00007ffc4b778000 	C:\Windows\System32\SHELL32.dll
0x00007ffc4ab50000 - 0x00007ffc4abf7000 	C:\Windows\System32\shcore.dll
0x00007ffc4a0d0000 - 0x00007ffc4a84b000 	C:\Windows\System32\windows.storage.dll
0x00007ffc49730000 - 0x00007ffc4974e000 	C:\Windows\System32\profapi.dll
0x00007ffc496e0000 - 0x00007ffc4972a000 	C:\Windows\System32\powrprof.dll
0x00007ffc496b0000 - 0x00007ffc496c0000 	C:\Windows\System32\UMPDC.dll
0x00007ffc4c600000 - 0x00007ffc4c652000 	C:\Windows\System32\shlwapi.dll
0x00007ffc49b80000 - 0x00007ffc49b97000 	C:\Windows\System32\cryptsp.dll
0x00007ffc13490000 - 0x00007ffc1360f000 	C:\Users\Pichau\.p2\pool\plugins\org.eclipse.justj.openjdk.hotspot.jre.full.win32.x86_64_15.0.2.v20210201-0955\jre\bin\awt.dll
0x00007ffc4afc0000 - 0x00007ffc4b085000 	C:\Windows\System32\OLEAUT32.dll
0x00007ffc47920000 - 0x00007ffc479af000 	C:\Windows\SYSTEM32\apphelp.dll
0x00007ffc47e40000 - 0x00007ffc47e6d000 	C:\Windows\system32\DWMAPI.DLL
0x00007ffc479f0000 - 0x00007ffc47a89000 	C:\Windows\system32\uxtheme.dll
0x00007ffc1cc30000 - 0x00007ffc1cd86000 	C:\Windows\system32\opengl32.dll
0x00007ffc373a0000 - 0x00007ffc373cc000 	C:\Windows\SYSTEM32\GLU32.dll
0x00007ffc48360000 - 0x00007ffc48380000 	C:\Windows\SYSTEM32\dxcore.dll
0x00007ffc4c460000 - 0x00007ffc4c595000 	C:\Windows\System32\MSCTF.dll
0x00007ffc4a960000 - 0x00007ffc4aab7000 	C:\Windows\System32\ole32.dll
0x00007ffc1ced0000 - 0x00007ffc1d097000 	C:\Windows\system32\d3d9.dll
0x00007ffc41a40000 - 0x00007ffc41c1b000 	C:\Windows\System32\DriverStore\FileRepository\u0360470.inf_amd64_35c64671e7fac064\B360357\aticfx64.dll
0x00007ffc32b90000 - 0x00007ffc32bc3000 	C:\Windows\System32\DriverStore\FileRepository\u0360470.inf_amd64_35c64671e7fac064\B360357\atiu9p64.dll
0x00007ffbdc710000 - 0x00007ffbdd3a6000 	C:\Windows\System32\DriverStore\FileRepository\u0360470.inf_amd64_35c64671e7fac064\B360357\atiumd64.dll
0x000000006f820000 - 0x0000000070699000 	C:\Windows\System32\DriverStore\FileRepository\u0360470.inf_amd64_35c64671e7fac064\B360357\atiumd6a.dll
0x00007ffc478d0000 - 0x00007ffc478ff000 	C:\Windows\SYSTEM32\amdihk64.dll
0x00007ffc24070000 - 0x00007ffc240f5000 	C:\Users\Pichau\.p2\pool\plugins\org.eclipse.justj.openjdk.hotspot.jre.full.win32.x86_64_15.0.2.v20210201-0955\jre\bin\freetype.dll
0x00007ffc20550000 - 0x00007ffc205f9000 	C:\Users\Pichau\.p2\pool\plugins\org.eclipse.justj.openjdk.hotspot.jre.full.win32.x86_64_15.0.2.v20210201-0955\jre\bin\fontmanager.dll
0x00007ffc4c660000 - 0x00007ffc4c702000 	C:\Windows\System32\clbcatq.dll
0x00007ffc43fd0000 - 0x00007ffc4417f000 	C:\Windows\SYSTEM32\WindowsCodecs.dll
0x00007ffc3a3e0000 - 0x00007ffc3a41b000 	C:\Windows\system32\dataexchange.dll
0x00007ffc46950000 - 0x00007ffc46bab000 	C:\Windows\system32\d3d11.dll
0x00007ffc47060000 - 0x00007ffc4723d000 	C:\Windows\system32\dcomp.dll
0x00007ffc48380000 - 0x00007ffc4846b000 	C:\Windows\system32\dxgi.dll
0x00007ffc47ab0000 - 0x00007ffc47d0a000 	C:\Windows\system32\twinapi.appcore.dll
0x00007ffc47e10000 - 0x00007ffc47e39000 	C:\Windows\system32\RMCLIENT.dll
0x00007ffc41400000 - 0x00007ffc4149b000 	C:\Windows\System32\TextInputFramework.dll
0x00007ffc44ff0000 - 0x00007ffc4531a000 	C:\Windows\System32\CoreUIComponents.dll
0x00007ffc47240000 - 0x00007ffc47314000 	C:\Windows\System32\CoreMessaging.dll
0x00007ffc486f0000 - 0x00007ffc48721000 	C:\Windows\SYSTEM32\ntmarta.dll
0x00007ffc44d50000 - 0x00007ffc44ea2000 	C:\Windows\SYSTEM32\wintypes.dll
0x00007ffc3a0d0000 - 0x00007ffc3a0e9000 	C:\Users\Pichau\.p2\pool\plugins\org.eclipse.justj.openjdk.hotspot.jre.full.win32.x86_64_15.0.2.v20210201-0955\jre\bin\net.dll
0x00007ffc3e1d0000 - 0x00007ffc3e2ca000 	C:\Windows\SYSTEM32\WINHTTP.dll
0x00007ffc48e90000 - 0x00007ffc48ef7000 	C:\Windows\system32\mswsock.dll
0x00007ffc38e50000 - 0x00007ffc38e62000 	C:\Users\Pichau\.p2\pool\plugins\org.eclipse.justj.openjdk.hotspot.jre.full.win32.x86_64_15.0.2.v20210201-0955\jre\bin\nio.dll

dbghelp: loaded successfully - version: 4.0.5 - missing functions: none
symbol engine: initialized successfully - sym options: 0x614 - pdb path: .;C:\Users\Pichau\.p2\pool\plugins\org.eclipse.justj.openjdk.hotspot.jre.full.win32.x86_64_15.0.2.v20210201-0955\jre\bin;C:\Windows\SYSTEM32;C:\Program Files\Avast Software\Avast;C:\Windows\WinSxS\amd64_microsoft.windows.common-controls_6595b64144ccf1df_6.0.18362.1500_none_9e79be6de462295c;C:\Users\Pichau\.p2\pool\plugins\org.eclipse.justj.openjdk.hotspot.jre.full.win32.x86_64_15.0.2.v20210201-0955\jre\bin\server;C:\Windows\System32\DriverStore\FileRepository\u0360470.inf_amd64_35c64671e7fac064\B360357

VM Arguments:
jvm_args: -Dfile.encoding=Cp1252 -XX:+ShowCodeDetailsInExceptionMessages 
java_command: ExercicioPratico_17_Setembro.EX_5_1B
java_class_path (initial): C:\Users\Pichau\Desktop\eclipse\Semestre awt e swing\bin
Launcher Type: SUN_STANDARD

[Global flags]
     intx CICompilerCount                          = 3                                         {product} {ergonomic}
     uint ConcGCThreads                            = 1                                         {product} {ergonomic}
     uint G1ConcRefinementThreads                  = 4                                         {product} {ergonomic}
   size_t G1HeapRegionSize                         = 1048576                                   {product} {ergonomic}
    uintx GCDrainStackTargetSize                   = 64                                        {product} {ergonomic}
   size_t InitialHeapSize                          = 100663296                                 {product} {ergonomic}
   size_t MarkStackSize                            = 4194304                                   {product} {ergonomic}
   size_t MaxHeapSize                              = 1598029824                                {product} {ergonomic}
   size_t MaxNewSize                               = 958398464                                 {product} {ergonomic}
   size_t MinHeapDeltaBytes                        = 1048576                                   {product} {ergonomic}
   size_t MinHeapSize                              = 8388608                                   {product} {ergonomic}
    uintx NonNMethodCodeHeapSize                   = 5832780                                {pd product} {ergonomic}
    uintx NonProfiledCodeHeapSize                  = 122912730                              {pd product} {ergonomic}
    uintx ProfiledCodeHeapSize                     = 122912730                              {pd product} {ergonomic}
    uintx ReservedCodeCacheSize                    = 251658240                              {pd product} {ergonomic}
     bool SegmentedCodeCache                       = true                                      {product} {ergonomic}
     bool ShowCodeDetailsInExceptionMessages       = true                                   {manageable} {command line}
   size_t SoftMaxHeapSize                          = 1598029824                             {manageable} {ergonomic}
     bool UseCompressedClassPointers               = true                                 {lp64_product} {ergonomic}
     bool UseCompressedOops                        = true                                 {lp64_product} {ergonomic}
     bool UseG1GC                                  = true                                      {product} {ergonomic}
     bool UseLargePagesIndividualAllocation        = false                                  {pd product} {ergonomic}

Logging:
Log output configuration:
 #0: stdout all=warning uptime,level,tags
 #1: stderr all=off uptime,level,tags

Environment Variables:
PATH=C:/Users/Pichau/.p2/pool/plugins/org.eclipse.justj.openjdk.hotspot.jre.full.win32.x86_64_15.0.2.v20210201-0955/jre/bin/server;C:/Users/Pichau/.p2/pool/plugins/org.eclipse.justj.openjdk.hotspot.jre.full.win32.x86_64_15.0.2.v20210201-0955/jre/bin;C:\Program Files (x86)\Common Files\Oracle\Java\javapath;C:\Windows\system32;C:\Windows;C:\Windows\System32\Wbem;C:\Windows\System32\WindowsPowerShell\v1.0\;C:\Windows\System32\OpenSSH\;C:\Users\Pichau\AppData\Local\Microsoft\WindowsApps;;C:\Users\Pichau\AppData\Local\Programs\Microsoft VS Code\bin;C:\Users\Pichau\Desktop;
USERNAME=Pichau
OS=Windows_NT
PROCESSOR_IDENTIFIER=AMD64 Family 23 Model 24 Stepping 1, AuthenticAMD



---------------  S Y S T E M  ---------------

OS:
 Windows 10 , 64 bit Build 18362 (10.0.18362.1500)
OS uptime: 18 days 20:09 hours

CPU: total 4 (initial active 4) (4 cores per cpu, 2 threads per core) family 23 model 24 stepping 1 microcode 0x0, cmov, cx8, fxsr, mmx, sse, sse2, sse3, ssse3, sse4.1, sse4.2, popcnt, vzeroupper, avx, avx2, aes, clmul, 3dnowpref, lzcnt, sse4a, ht, tsc, tscinvbit, tscinv, bmi1, bmi2, adx, sha, fma, clflush, clflushopt

Memory: 4k page, system-wide physical 6095M (518M free)
TotalPageFile size 20339M (AvailPageFile size 0M)
current process WorkingSet (physical memory assigned to process): 88M, peak: 88M
current process commit charge ("private bytes"): 202M, peak: 203M

vm_info: OpenJDK 64-Bit Server VM (15.0.2+7-27) for windows-amd64 JRE (15.0.2+7-27), built on Dec  7 2020 20:02:38 by "mach5one" with unknown MS VC++:1925

END.
