#
# There is insufficient memory for the Java Runtime Environment to continue.
# Native memory allocation (malloc) failed to allocate 1048576 bytes for AllocateHeap
# Possible reasons:
#   The system is out of physical RAM or swap space
#   The process is running with CompressedOops enabled, and the Java Heap may be blocking the growth of the native heap
# Possible solutions:
#   Reduce memory load on the system
#   Increase physical memory or swap space
#   Check if swap backing store is full
#   Decrease Java heap size (-Xmx/-Xms)
#   Decrease number of Java threads
#   Decrease Java thread stack sizes (-Xss)
#   Set larger code cache with -XX:ReservedCodeCacheSize=
#   JVM is running with Unscaled Compressed Oops mode in which the Java heap is
#     placed in the first 4GB address space. The Java Heap base address is the
#     maximum limit for the native heap growth. Please use -XX:HeapBaseMinAddress
#     to set the Java Heap base and to place the Java Heap above 4GB virtual address.
# This output file may be truncated or incomplete.
#
#  Out of Memory Error (./open/src/hotspot/share/memory/allocation.cpp:44), pid=12796, tid=5716
#
# JRE version: OpenJDK Runtime Environment (15.0.2+7) (build 15.0.2+7-27)
# Java VM: OpenJDK 64-Bit Server VM (15.0.2+7-27, mixed mode, tiered, compressed oops, g1 gc, windows-amd64)
# No core dump will be written. Minidumps are not enabled by default on client versions of Windows
#

---------------  S U M M A R Y ------------

Command Line: -Dfile.encoding=Cp1252 -XX:+ShowCodeDetailsInExceptionMessages ExercicioPratico_17_Setembro.EX_5_1B

Host: AMD Athlon 3000G with Radeon Vega Graphics     , 4 cores, 5G,  Windows 10 , 64 bit Build 18362 (10.0.18362.1500)
Time: Fri Sep 17 11:16:55 2021 Hora oficial do Brasil elapsed time: 0.710203 seconds (0d 0h 0m 0s)

---------------  T H R E A D  ---------------

Current thread (0x000001dacddcff60):  VMThread "VM Thread" [stack: 0x000000240bd00000,0x000000240be00000] [id=5716]

Stack: [0x000000240bd00000,0x000000240be00000]
[error occurred during error reporting (printing stack bounds), id 0xc0000005, EXCEPTION_ACCESS_VIOLATION (0xc0000005) at pc=0x000001dab90310ad]

Native frames: (J=compiled Java code, j=interpreted, Vv=VM code, C=native code)
V  [jvm.dll+0x62ae9a]
V  [jvm.dll+0x7817a9]
V  [jvm.dll+0x782f03]
V  [jvm.dll+0x7834c5]
V  [jvm.dll+0x78347b]
V  [jvm.dll+0x62a2b9]
V  [jvm.dll+0x62aa88]
C  [ntdll.dll+0xa1fff]
C  [ntdll.dll+0x6aad9]
C  [ntdll.dll+0xa0c6e]
C  0x000001dab90310ad

VM_Operation (0x000000240b7fdda0): CollectForMetadataAllocation, mode: safepoint, requested by thread 0x000001dab5627800


---------------  P R O C E S S  ---------------

Threads class SMR info:
_java_thread_list=0x000001dace9fd350, length=14, elements={
0x000001dab5627800, 0x000001dacddf6c50, 0x000001dacddf7700, 0x000001dacddfbd70,
0x000001dacddfc730, 0x000001dacddfd1e0, 0x000001dace6282a0, 0x000001dace631370,
0x000001dace6a05a0, 0x000001dace79be90, 0x000001dace79dd30, 0x000001daced028b0,
0x000001daced02d80, 0x000001daced34720
}

Java Threads: ( => current thread )
  0x000001dab5627800 JavaThread "main" [_thread_blocked, id=14092, stack(0x000000240b700000,0x000000240b800000)]
  0x000001dacddf6c50 JavaThread "Reference Handler" daemon [_thread_blocked, id=6716, stack(0x000000240be00000,0x000000240bf00000)]
  0x000001dacddf7700 JavaThread "Finalizer" daemon [_thread_blocked, id=21144, stack(0x000000240bf00000,0x000000240c000000)]
  0x000001dacddfbd70 JavaThread "Signal Dispatcher" daemon [_thread_blocked, id=6564, stack(0x000000240c000000,0x000000240c100000)]
  0x000001dacddfc730 JavaThread "Attach Listener" daemon [_thread_blocked, id=4432, stack(0x000000240c100000,0x000000240c200000)]
  0x000001dacddfd1e0 JavaThread "Service Thread" daemon [_thread_blocked, id=1840, stack(0x000000240c200000,0x000000240c300000)]
  0x000001dace6282a0 JavaThread "C2 CompilerThread0" daemon [_thread_blocked, id=5284, stack(0x000000240c300000,0x000000240c400000)]
  0x000001dace631370 JavaThread "C1 CompilerThread0" daemon [_thread_blocked, id=9460, stack(0x000000240c400000,0x000000240c500000)]
  0x000001dace6a05a0 JavaThread "Sweeper thread" daemon [_thread_blocked, id=3084, stack(0x000000240c500000,0x000000240c600000)]
  0x000001dace79be90 JavaThread "Notification Thread" daemon [_thread_blocked, id=13908, stack(0x000000240c600000,0x000000240c700000)]
  0x000001dace79dd30 JavaThread "Common-Cleaner" daemon [_thread_blocked, id=2168, stack(0x000000240c800000,0x000000240c900000)]
  0x000001daced028b0 JavaThread "Java2D Disposer" daemon [_thread_blocked, id=20360, stack(0x000000240c900000,0x000000240ca00000)]
  0x000001daced02d80 JavaThread "AWT-Shutdown" [_thread_blocked, id=18712, stack(0x000000240ca00000,0x000000240cb00000)]
  0x000001daced34720 JavaThread "AWT-Windows" daemon [_thread_in_native, id=11324, stack(0x000000240cb00000,0x000000240cc00000)]

Other Threads:
=>0x000001dacddcff60 VMThread "VM Thread" [stack: 0x000000240bd00000,0x000000240be00000] [id=5716]
  0x000001dace79c360 WatcherThread [stack: 0x000000240c700000,0x000000240c800000] [id=16508]
  0x000001dab565f450 GCTaskThread "GC Thread#0" [stack: 0x000000240b800000,0x000000240b900000] [id=6740]
  0x000001dacef37490 GCTaskThread "GC Thread#1" [stack: 0x000000240d200000,0x000000240d300000] [id=14232]
  0x000001dacef35b10 GCTaskThread "GC Thread#2" [stack: 0x000000240d300000,0x000000240d400000] [id=5236]
  0x000001dacef347f0 GCTaskThread "GC Thread#3" [stack: 0x000000240d400000,0x000000240d500000] [id=17816]
  0x000001dab566d5b0 ConcurrentGCThread "G1 Main Marker" [stack: 0x000000240b900000,0x000000240ba00000] [id=13732]
  0x000001dab566e220 ConcurrentGCThread "G1 Conc#0" [stack: 0x000000240ba00000,0x000000240bb00000] [id=10952]
  0x000001dab56d1c50 ConcurrentGCThread "G1 Refine#0" [stack: 0x000000240bb00000,0x000000240bc00000] [id=16584]
  0x000001dab56d2610 ConcurrentGCThread "G1 Young RemSet Sampling" [stack: 0x000000240bc00000,0x000000240bd00000] [id=5380]

Threads with active compile tasks:

VM state: at safepoint (normal execution)

VM Mutex/Monitor currently owned by a thread:  ([mutex/lock_event])
[0x000001dab5623280] Threads_lock - owner thread: 0x000001dacddcff60
[0x000001dab5623c10] Heap_lock - owner thread: 0x000001dab5627800

Heap address: 0x00000000a0c00000, size: 1524 MB, Compressed Oops mode: 32-bit
CDS disabled.
Compressed class space mapped at: 0x0000000100000000-0x0000000140000000, size: 1073741824
Narrow klass base: 0x0000000000000000, Narrow klass shift: 3, Narrow klass range: 0x140000000

GC Precious Log:
 CPUs: 4 total, 4 available
 Memory: 6095M
 Large Page Support: Disabled
 NUMA Support: Disabled
 Compressed Oops: Enabled (32-bit)
 Heap Region Size: 1M
 Heap Min Capacity: 8M
 Heap Initial Capacity: 96M
 Heap Max Capacity: 1524M
 Pre-touch: Disabled
 Parallel Workers: 4
 Concurrent Workers: 1
 Concurrent Refinement Workers: 4
 Periodic GC: Disabled

Heap:
 garbage-first heap   total 98304K, used 987K [0x00000000a0c00000, 0x0000000100000000)
  region size 1024K, 1 young (1024K), 1 survivors (1024K)
 Metaspace       used 8928K, capacity 9023K, committed 9088K, reserved 1064960K
  class space    used 800K, capacity 871K, committed 896K, reserved 1048576K

Heap Regions: E=young(eden), S=young(survivor), O=old, HS=humongous(starts), HC=humongous(continues), CS=collection set, F=free, OA=open archive, CA=closed archive, TAMS=top-at-mark-start (previous, next)
|   0|0x00000000a0c00000, 0x00000000a0c00000, 0x00000000a0d00000|  0%| F|  |TAMS 0x00000000a0c00000, 0x00000000a0c00000| Untracked 
|   1|0x00000000a0d00000, 0x00000000a0d00000, 0x00000000a0e00000|  0%| F|  |TAMS 0x00000000a0d00000, 0x00000000a0d00000| Untracked 
|   2|0x00000000a0e00000, 0x00000000a0e00000, 0x00000000a0f00000|  0%| F|  |TAMS 0x00000000a0e00000, 0x00000000a0e00000| Untracked 
|   3|0x00000000a0f00000, 0x00000000a0f00000, 0x00000000a1000000|  0%| F|  |TAMS 0x00000000a0f00000, 0x00000000a0f00000| Untracked 
|   4|0x00000000a1000000, 0x00000000a1000000, 0x00000000a1100000|  0%| F|  |TAMS 0x00000000a1000000, 0x00000000a1000000| Untracked 
|   5|0x00000000a1100000, 0x00000000a1100000, 0x00000000a1200000|  0%| F|  |TAMS 0x00000000a1100000, 0x00000000a1100000| Untracked 
|   6|0x00000000a1200000, 0x00000000a1200000, 0x00000000a1300000|  0%| F|  |TAMS 0x00000000a1200000, 0x00000000a1200000| Untracked 
|   7|0x00000000a1300000, 0x00000000a1300000, 0x00000000a1400000|  0%| F|  |TAMS 0x00000000a1300000, 0x00000000a1300000| Untracked 
|   8|0x00000000a1400000, 0x00000000a1400000, 0x00000000a1500000|  0%| F|  |TAMS 0x00000000a1400000, 0x00000000a1400000| Untracked 
|   9|0x00000000a1500000, 0x00000000a1500000, 0x00000000a1600000|  0%| F|  |TAMS 0x00000000a1500000, 0x00000000a1500000| Untracked 
|  10|0x00000000a1600000, 0x00000000a1600000, 0x00000000a1700000|  0%| F|  |TAMS 0x00000000a1600000, 0x00000000a1600000| Untracked 
|  11|0x00000000a1700000, 0x00000000a1700000, 0x00000000a1800000|  0%| F|  |TAMS 0x00000000a1700000, 0x00000000a1700000| Untracked 
|  12|0x00000000a1800000, 0x00000000a1800000, 0x00000000a1900000|  0%| F|  |TAMS 0x00000000a1800000, 0x00000000a1800000| Untracked 
|  13|0x00000000a1900000, 0x00000000a1900000, 0x00000000a1a00000|  0%| F|  |TAMS 0x00000000a1900000, 0x00000000a1900000| Untracked 
|  14|0x00000000a1a00000, 0x00000000a1a00000, 0x00000000a1b00000|  0%| F|  |TAMS 0x00000000a1a00000, 0x00000000a1a00000| Untracked 
|  15|0x00000000a1b00000, 0x00000000a1b00000, 0x00000000a1c00000|  0%| F|  |TAMS 0x00000000a1b00000, 0x00000000a1b00000| Untracked 
|  16|0x00000000a1c00000, 0x00000000a1c00000, 0x00000000a1d00000|  0%| F|  |TAMS 0x00000000a1c00000, 0x00000000a1c00000| Untracked 
|  17|0x00000000a1d00000, 0x00000000a1d00000, 0x00000000a1e00000|  0%| F|  |TAMS 0x00000000a1d00000, 0x00000000a1d00000| Untracked 
|  18|0x00000000a1e00000, 0x00000000a1e00000, 0x00000000a1f00000|  0%| F|  |TAMS 0x00000000a1e00000, 0x00000000a1e00000| Untracked 
|  19|0x00000000a1f00000, 0x00000000a1f00000, 0x00000000a2000000|  0%| F|  |TAMS 0x00000000a1f00000, 0x00000000a1f00000| Untracked 
|  20|0x00000000a2000000, 0x00000000a2000000, 0x00000000a2100000|  0%| F|  |TAMS 0x00000000a2000000, 0x00000000a2000000| Untracked 
|  21|0x00000000a2100000, 0x00000000a2100000, 0x00000000a2200000|  0%| F|  |TAMS 0x00000000a2100000, 0x00000000a2100000| Untracked 
|  22|0x00000000a2200000, 0x00000000a2200000, 0x00000000a2300000|  0%| F|  |TAMS 0x00000000a2200000, 0x00000000a2200000| Untracked 
|  23|0x00000000a2300000, 0x00000000a2300000, 0x00000000a2400000|  0%| F|  |TAMS 0x00000000a2300000, 0x00000000a2300000| Untracked 
|  24|0x00000000a2400000, 0x00000000a2400000, 0x00000000a2500000|  0%| F|  |TAMS 0x00000000a2400000, 0x00000000a2400000| Untracked 
|  25|0x00000000a2500000, 0x00000000a2500000, 0x00000000a2600000|  0%| F|  |TAMS 0x00000000a2500000, 0x00000000a2500000| Untracked 
|  26|0x00000000a2600000, 0x00000000a2600000, 0x00000000a2700000|  0%| F|  |TAMS 0x00000000a2600000, 0x00000000a2600000| Untracked 
|  27|0x00000000a2700000, 0x00000000a2700000, 0x00000000a2800000|  0%| F|  |TAMS 0x00000000a2700000, 0x00000000a2700000| Untracked 
|  28|0x00000000a2800000, 0x00000000a2800000, 0x00000000a2900000|  0%| F|  |TAMS 0x00000000a2800000, 0x00000000a2800000| Untracked 
|  29|0x00000000a2900000, 0x00000000a2900000, 0x00000000a2a00000|  0%| F|  |TAMS 0x00000000a2900000, 0x00000000a2900000| Untracked 
|  30|0x00000000a2a00000, 0x00000000a2a00000, 0x00000000a2b00000|  0%| F|  |TAMS 0x00000000a2a00000, 0x00000000a2a00000| Untracked 
|  31|0x00000000a2b00000, 0x00000000a2b00000, 0x00000000a2c00000|  0%| F|  |TAMS 0x00000000a2b00000, 0x00000000a2b00000| Untracked 
|  32|0x00000000a2c00000, 0x00000000a2c00000, 0x00000000a2d00000|  0%| F|  |TAMS 0x00000000a2c00000, 0x00000000a2c00000| Untracked 
|  33|0x00000000a2d00000, 0x00000000a2d00000, 0x00000000a2e00000|  0%| F|  |TAMS 0x00000000a2d00000, 0x00000000a2d00000| Untracked 
|  34|0x00000000a2e00000, 0x00000000a2e00000, 0x00000000a2f00000|  0%| F|  |TAMS 0x00000000a2e00000, 0x00000000a2e00000| Untracked 
|  35|0x00000000a2f00000, 0x00000000a2f00000, 0x00000000a3000000|  0%| F|  |TAMS 0x00000000a2f00000, 0x00000000a2f00000| Untracked 
|  36|0x00000000a3000000, 0x00000000a3000000, 0x00000000a3100000|  0%| F|  |TAMS 0x00000000a3000000, 0x00000000a3000000| Untracked 
|  37|0x00000000a3100000, 0x00000000a3100000, 0x00000000a3200000|  0%| F|  |TAMS 0x00000000a3100000, 0x00000000a3100000| Untracked 
|  38|0x00000000a3200000, 0x00000000a3200000, 0x00000000a3300000|  0%| F|  |TAMS 0x00000000a3200000, 0x00000000a3200000| Untracked 
|  39|0x00000000a3300000, 0x00000000a3300000, 0x00000000a3400000|  0%| F|  |TAMS 0x00000000a3300000, 0x00000000a3300000| Untracked 
|  40|0x00000000a3400000, 0x00000000a3400000, 0x00000000a3500000|  0%| F|  |TAMS 0x00000000a3400000, 0x00000000a3400000| Untracked 
|  41|0x00000000a3500000, 0x00000000a3500000, 0x00000000a3600000|  0%| F|  |TAMS 0x00000000a3500000, 0x00000000a3500000| Untracked 
|  42|0x00000000a3600000, 0x00000000a3600000, 0x00000000a3700000|  0%| F|  |TAMS 0x00000000a3600000, 0x00000000a3600000| Untracked 
|  43|0x00000000a3700000, 0x00000000a3700000, 0x00000000a3800000|  0%| F|  |TAMS 0x00000000a3700000, 0x00000000a3700000| Untracked 
|  44|0x00000000a3800000, 0x00000000a3800000, 0x00000000a3900000|  0%| F|  |TAMS 0x00000000a3800000, 0x00000000a3800000| Untracked 
|  45|0x00000000a3900000, 0x00000000a3900000, 0x00000000a3a00000|  0%| F|  |TAMS 0x00000000a3900000, 0x00000000a3900000| Untracked 
|  46|0x00000000a3a00000, 0x00000000a3a00000, 0x00000000a3b00000|  0%| F|  |TAMS 0x00000000a3a00000, 0x00000000a3a00000| Untracked 
|  47|0x00000000a3b00000, 0x00000000a3b00000, 0x00000000a3c00000|  0%| F|  |TAMS 0x00000000a3b00000, 0x00000000a3b00000| Untracked 
|  48|0x00000000a3c00000, 0x00000000a3c00000, 0x00000000a3d00000|  0%| F|  |TAMS 0x00000000a3c00000, 0x00000000a3c00000| Untracked 
|  49|0x00000000a3d00000, 0x00000000a3d00000, 0x00000000a3e00000|  0%| F|  |TAMS 0x00000000a3d00000, 0x00000000a3d00000| Untracked 
|  50|0x00000000a3e00000, 0x00000000a3e00000, 0x00000000a3f00000|  0%| F|  |TAMS 0x00000000a3e00000, 0x00000000a3e00000| Untracked 
|  51|0x00000000a3f00000, 0x00000000a3f00000, 0x00000000a4000000|  0%| F|  |TAMS 0x00000000a3f00000, 0x00000000a3f00000| Untracked 
|  52|0x00000000a4000000, 0x00000000a4000000, 0x00000000a4100000|  0%| F|  |TAMS 0x00000000a4000000, 0x00000000a4000000| Untracked 
|  53|0x00000000a4100000, 0x00000000a4100000, 0x00000000a4200000|  0%| F|  |TAMS 0x00000000a4100000, 0x00000000a4100000| Untracked 
|  54|0x00000000a4200000, 0x00000000a4200000, 0x00000000a4300000|  0%| F|  |TAMS 0x00000000a4200000, 0x00000000a4200000| Untracked 
|  55|0x00000000a4300000, 0x00000000a4300000, 0x00000000a4400000|  0%| F|  |TAMS 0x00000000a4300000, 0x00000000a4300000| Untracked 
|  56|0x00000000a4400000, 0x00000000a4400000, 0x00000000a4500000|  0%| F|  |TAMS 0x00000000a4400000, 0x00000000a4400000| Untracked 
|  57|0x00000000a4500000, 0x00000000a4500000, 0x00000000a4600000|  0%| F|  |TAMS 0x00000000a4500000, 0x00000000a4500000| Untracked 
|  58|0x00000000a4600000, 0x00000000a4600000, 0x00000000a4700000|  0%| F|  |TAMS 0x00000000a4600000, 0x00000000a4600000| Untracked 
|  59|0x00000000a4700000, 0x00000000a4700000, 0x00000000a4800000|  0%| F|  |TAMS 0x00000000a4700000, 0x00000000a4700000| Untracked 
|  60|0x00000000a4800000, 0x00000000a4800000, 0x00000000a4900000|  0%| F|  |TAMS 0x00000000a4800000, 0x00000000a4800000| Untracked 
|  61|0x00000000a4900000, 0x00000000a4900000, 0x00000000a4a00000|  0%| F|  |TAMS 0x00000000a4900000, 0x00000000a4900000| Untracked 
|  62|0x00000000a4a00000, 0x00000000a4a00000, 0x00000000a4b00000|  0%| F|  |TAMS 0x00000000a4a00000, 0x00000000a4a00000| Untracked 
|  63|0x00000000a4b00000, 0x00000000a4b00000, 0x00000000a4c00000|  0%| F|  |TAMS 0x00000000a4b00000, 0x00000000a4b00000| Untracked 
|  64|0x00000000a4c00000, 0x00000000a4c00000, 0x00000000a4d00000|  0%| F|  |TAMS 0x00000000a4c00000, 0x00000000a4c00000| Untracked 
|  65|0x00000000a4d00000, 0x00000000a4d00000, 0x00000000a4e00000|  0%| F|  |TAMS 0x00000000a4d00000, 0x00000000a4d00000| Untracked 
|  66|0x00000000a4e00000, 0x00000000a4e00000, 0x00000000a4f00000|  0%| F|  |TAMS 0x00000000a4e00000, 0x00000000a4e00000| Untracked 
|  67|0x00000000a4f00000, 0x00000000a4f00000, 0x00000000a5000000|  0%| F|  |TAMS 0x00000000a4f00000, 0x00000000a4f00000| Untracked 
|  68|0x00000000a5000000, 0x00000000a5000000, 0x00000000a5100000|  0%| F|  |TAMS 0x00000000a5000000, 0x00000000a5000000| Untracked 
|  69|0x00000000a5100000, 0x00000000a5100000, 0x00000000a5200000|  0%| F|  |TAMS 0x00000000a5100000, 0x00000000a5100000| Untracked 
|  70|0x00000000a5200000, 0x00000000a5200000, 0x00000000a5300000|  0%| F|  |TAMS 0x00000000a5200000, 0x00000000a5200000| Untracked 
|  71|0x00000000a5300000, 0x00000000a5300000, 0x00000000a5400000|  0%| F|  |TAMS 0x00000000a5300000, 0x00000000a5300000| Untracked 
|  72|0x00000000a5400000, 0x00000000a5400000, 0x00000000a5500000|  0%| F|  |TAMS 0x00000000a5400000, 0x00000000a5400000| Untracked 
|  73|0x00000000a5500000, 0x00000000a5500000, 0x00000000a5600000|  0%| F|  |TAMS 0x00000000a5500000, 0x00000000a5500000| Untracked 
|  74|0x00000000a5600000, 0x00000000a5600000, 0x00000000a5700000|  0%| F|  |TAMS 0x00000000a5600000, 0x00000000a5600000| Untracked 
|  75|0x00000000a5700000, 0x00000000a5700000, 0x00000000a5800000|  0%| F|  |TAMS 0x00000000a5700000, 0x00000000a5700000| Untracked 
|  76|0x00000000a5800000, 0x00000000a5800000, 0x00000000a5900000|  0%| F|  |TAMS 0x00000000a5800000, 0x00000000a5800000| Untracked 
|  77|0x00000000a5900000, 0x00000000a5900000, 0x00000000a5a00000|  0%| F|  |TAMS 0x00000000a5900000, 0x00000000a5900000| Untracked 
|  78|0x00000000a5a00000, 0x00000000a5a00000, 0x00000000a5b00000|  0%| F|  |TAMS 0x00000000a5a00000, 0x00000000a5a00000| Untracked 
|  79|0x00000000a5b00000, 0x00000000a5b00000, 0x00000000a5c00000|  0%| F|  |TAMS 0x00000000a5b00000, 0x00000000a5b00000| Untracked 
|  80|0x00000000a5c00000, 0x00000000a5c00000, 0x00000000a5d00000|  0%| F|  |TAMS 0x00000000a5c00000, 0x00000000a5c00000| Untracked 
|  81|0x00000000a5d00000, 0x00000000a5d00000, 0x00000000a5e00000|  0%| F|  |TAMS 0x00000000a5d00000, 0x00000000a5d00000| Untracked 
|  82|0x00000000a5e00000, 0x00000000a5e00000, 0x00000000a5f00000|  0%| F|  |TAMS 0x00000000a5e00000, 0x00000000a5e00000| Untracked 
|  83|0x00000000a5f00000, 0x00000000a5f00000, 0x00000000a6000000|  0%| F|  |TAMS 0x00000000a5f00000, 0x00000000a5f00000| Untracked 
|  84|0x00000000a6000000, 0x00000000a6000000, 0x00000000a6100000|  0%| F|  |TAMS 0x00000000a6000000, 0x00000000a6000000| Untracked 
|  85|0x00000000a6100000, 0x00000000a6100000, 0x00000000a6200000|  0%| F|  |TAMS 0x00000000a6100000, 0x00000000a6100000| Untracked 
|  86|0x00000000a6200000, 0x00000000a6200000, 0x00000000a6300000|  0%| F|  |TAMS 0x00000000a6200000, 0x00000000a6200000| Untracked 
|  87|0x00000000a6300000, 0x00000000a6300000, 0x00000000a6400000|  0%| F|  |TAMS 0x00000000a6300000, 0x00000000a6300000| Untracked 
|  88|0x00000000a6400000, 0x00000000a6400000, 0x00000000a6500000|  0%| F|  |TAMS 0x00000000a6400000, 0x00000000a6400000| Untracked 
|  89|0x00000000a6500000, 0x00000000a6500000, 0x00000000a6600000|  0%| F|  |TAMS 0x00000000a6500000, 0x00000000a6500000| Untracked 
|  90|0x00000000a6600000, 0x00000000a6600000, 0x00000000a6700000|  0%| F|  |TAMS 0x00000000a6600000, 0x00000000a6600000| Untracked 
|  91|0x00000000a6700000, 0x00000000a6700000, 0x00000000a6800000|  0%| F|  |TAMS 0x00000000a6700000, 0x00000000a6700000| Untracked 
|  92|0x00000000a6800000, 0x00000000a68f6e08, 0x00000000a6900000| 96%| S|CS|TAMS 0x00000000a6800000, 0x00000000a6800000| Complete 
|  93|0x00000000a6900000, 0x00000000a6900000, 0x00000000a6a00000|  0%| F|  |TAMS 0x00000000a6900000, 0x00000000a6900000| Untracked 
|  94|0x00000000a6a00000, 0x00000000a6a00000, 0x00000000a6b00000|  0%| F|  |TAMS 0x00000000a6a00000, 0x00000000a6a00000| Untracked 
|  95|0x00000000a6b00000, 0x00000000a6b00000, 0x00000000a6c00000|  0%| F|  |TAMS 0x00000000a6b00000, 0x00000000a6b00000| Untracked 

Card table byte_map: [0x000001dac8330000,0x000001dac8630000] _byte_map_base: 0x000001dac7e2a000

Marking Bits (Prev, Next): (CMBitMap*) 0x000001dab5660cd0, (CMBitMap*) 0x000001dab5660d10
 Prev Bits: [0x000001dac8930000, 0x000001daca100000)
 Next Bits: [0x000001daca100000, 0x000001dacb8d0000)

Polling page: 0x000001dab3630000

Metaspace:

Usage:
  Non-class:      7.96 MB capacity,     7.94 MB (>99%) used,    15.55 KB ( <1%) free+waste,     8.31 KB ( <1%) overhead. 
      Class:    871.00 KB capacity,   800.48 KB ( 92%) used,    67.46 KB (  8%) free+waste,     3.06 KB ( <1%) overhead. 
       Both:      8.81 MB capacity,     8.72 MB ( 99%) used,    83.01 KB ( <1%) free+waste,    11.38 KB ( <1%) overhead. 

Virtual space:
  Non-class space:       16.00 MB reserved,       8.00 MB ( 50%) committed 
      Class space:        1.00 GB reserved,     896.00 KB ( <1%) committed 
             Both:        1.02 GB reserved,       8.88 MB ( <1%) committed 

Chunk freelists:
   Non-Class:  40.00 KB
       Class:  25.00 KB
        Both:  65.00 KB

MaxMetaspaceSize: 17179869184.00 GB
CompressedClassSpaceSize: 1.00 GB

CodeHeap 'non-profiled nmethods': size=120000Kb used=98Kb max_used=98Kb free=119901Kb
 bounds [0x000001dac0b00000, 0x000001dac0d70000, 0x000001dac8030000]
CodeHeap 'profiled nmethods': size=120000Kb used=415Kb max_used=415Kb free=119584Kb
 bounds [0x000001dab95d0000, 0x000001dab9840000, 0x000001dac0b00000]
CodeHeap 'non-nmethods': size=5760Kb used=1163Kb max_used=1172Kb free=4596Kb
 bounds [0x000001dab9030000, 0x000001dab92a0000, 0x000001dab95d0000]
 total_blobs=732 nmethods=310 adapters=335
 compilation: enabled
              stopped_count=0, restarted_count=0
 full_count=0

Compilation events (20 events):
Event: 0.557 Thread 0x000001dace6282a0 nmethod 301 0x000001dac0b17c10 code [0x000001dac0b17d80, 0x000001dac0b17df8]
Event: 0.557 Thread 0x000001dace631370 nmethod 299 0x000001dab9634b10 code [0x000001dab9634da0, 0x000001dab9635828]
Event: 0.557 Thread 0x000001dace631370  300       1       java.lang.invoke.MethodTypeForm::basicType (5 bytes)
Event: 0.557 Thread 0x000001dace631370 nmethod 300 0x000001dac0b17f10 code [0x000001dac0b180a0, 0x000001dac0b18158]
Event: 0.557 Thread 0x000001dace631370  302       3       java.util.ArrayList::add (25 bytes)
Event: 0.558 Thread 0x000001dace631370 nmethod 302 0x000001dab9635c10 code [0x000001dab9635de0, 0x000001dab96361e8]
Event: 0.563 Thread 0x000001dace631370  303       3       jdk.internal.misc.Unsafe::allocateUninitializedArray0 (90 bytes)
Event: 0.564 Thread 0x000001dace631370 nmethod 303 0x000001dab9636390 code [0x000001dab9636580, 0x000001dab9636dd8]
Event: 0.564 Thread 0x000001dace631370  304       3       jdk.internal.org.objectweb.asm.Handler::getExceptionTableLength (21 bytes)
Event: 0.564 Thread 0x000001dace631370 nmethod 304 0x000001dab9636f10 code [0x000001dab96370a0, 0x000001dab9637238]
Event: 0.564 Thread 0x000001dace631370  305       1       jdk.internal.org.objectweb.asm.SymbolTable::getMajorVersion (5 bytes)
Event: 0.564 Thread 0x000001dace631370 nmethod 305 0x000001dac0b18210 code [0x000001dac0b183a0, 0x000001dac0b18458]
Event: 0.591 Thread 0x000001dace631370  307       3       java.lang.Object::equals (11 bytes)
Event: 0.592 Thread 0x000001dace631370 nmethod 307 0x000001dab9637310 code [0x000001dab96374a0, 0x000001dab96375f8]
Event: 0.592 Thread 0x000001dace631370  308       3       java.lang.invoke.LambdaForm::uncustomize (57 bytes)
Event: 0.592 Thread 0x000001dace631370 nmethod 308 0x000001dab9637690 code [0x000001dab9637840, 0x000001dab9637b28]
Event: 0.694 Thread 0x000001dace6282a0  309       4       java.lang.invoke.MethodType::parameterType (7 bytes)
Event: 0.695 Thread 0x000001dace6282a0 nmethod 309 0x000001dac0b18810 code [0x000001dac0b18980, 0x000001dac0b18a18]
Event: 0.695 Thread 0x000001dace631370  310       3       java.lang.invoke.MethodType::erase (8 bytes)
Event: 0.695 Thread 0x000001dace631370 nmethod 310 0x000001dab9637c10 code [0x000001dab9637da0, 0x000001dab9637eb8]

GC Heap History (2 events):
Event: 0.704 GC heap before
{Heap before GC invocations=0 (full 0):
 garbage-first heap   total 98304K, used 2048K [0x00000000a0c00000, 0x0000000100000000)
  region size 1024K, 3 young (3072K), 0 survivors (0K)
 Metaspace       used 8928K, capacity 9023K, committed 9088K, reserved 1062912K
  class space    used 800K, capacity 871K, committed 896K, reserved 1048576K
}
Event: 0.707 GC heap after
{Heap after GC invocations=1 (full 0):
 garbage-first heap   total 98304K, used 987K [0x00000000a0c00000, 0x0000000100000000)
  region size 1024K, 1 young (1024K), 1 survivors (1024K)
 Metaspace       used 8928K, capacity 9023K, committed 9088K, reserved 1062912K
  class space    used 800K, capacity 871K, committed 896K, reserved 1048576K
}

Deoptimization events (4 events):
Event: 0.197 Thread 0x000001dab5627800 Uncommon trap: trap_request=0xffffff45 fr.pc=0x000001dac0b048b0 relative=0x0000000000000210
Event: 0.197 Thread 0x000001dab5627800 Uncommon trap: reason=unstable_if action=reinterpret pc=0x000001dac0b048b0 method=java.lang.String.hashCode()I @ 42 c2
Event: 0.197 Thread 0x000001dab5627800 DEOPT PACKING pc=0x000001dac0b048b0 sp=0x000000240b7fd750
Event: 0.197 Thread 0x000001dab5627800 DEOPT UNPACKING pc=0x000001dab907e42f sp=0x000000240b7fd6e8 mode 2

Classes unloaded (0 events):
No events

Classes redefined (0 events):
No events

Internal exceptions (6 events):
Event: 0.271 Thread 0x000001dab5627800 Exception <a 'java/lang/NoSuchMethodError'{0x00000000a6bee7e0}: 'void java.lang.invoke.DirectMethodHandle$Holder.invokeSpecial(java.lang.Object, java.lang.Object, java.lang.Object)'> (0x00000000a6bee7e0) 
thrown [./open/src/hotspot/share/interpreter/linkResolver.cpp, line 782]
Event: 0.332 Thread 0x000001dab5627800 Exception <a 'java/lang/ClassNotFoundException'{0x00000000a6a0e7f0}: sun/awt/resources/spi/awtProvider> (0x00000000a6a0e7f0) 
thrown [./open/src/hotspot/share/classfile/systemDictionary.cpp, line 295]
Event: 0.425 Thread 0x000001dab5627800 Exception <a 'java/io/FileNotFoundException'{0x00000000a6a6a6d0}> (0x00000000a6a6a6d0) 
thrown [./open/src/hotspot/share/prims/jni.cpp, line 578]
Event: 0.443 Thread 0x000001dab5627800 Exception <a 'java/io/FileNotFoundException'{0x00000000a6a99260}> (0x00000000a6a99260) 
thrown [./open/src/hotspot/share/prims/jni.cpp, line 578]
Event: 0.444 Thread 0x000001dab5627800 Exception <a 'java/lang/NoSuchMethodError'{0x00000000a6a9a5d0}: 'java.lang.Object java.lang.invoke.DirectMethodHandle$Holder.invokeStatic(java.lang.Object)'> (0x00000000a6a9a5d0) 
thrown [./open/src/hotspot/share/interpreter/linkResolver.cpp, line 782]
Event: 0.559 Thread 0x000001dab5627800 Exception <a 'java/lang/NoSuchMethodError'{0x00000000a6af6618}: 'java.lang.Object java.lang.invoke.DirectMethodHandle$Holder.invokeStaticInit(java.lang.Object)'> (0x00000000a6af6618) 
thrown [./open/src/hotspot/share/interpreter/linkResolver.cpp, line 782]

Events (20 events):
Event: 0.701 loading class javax/swing/KeyStroke
Event: 0.701 loading class javax/swing/KeyStroke done
Event: 0.701 loading class javax/swing/KeyStroke$1
Event: 0.701 loading class sun/swing/SwingAccessor$KeyStrokeAccessor
Event: 0.701 loading class sun/swing/SwingAccessor$KeyStrokeAccessor done
Event: 0.701 loading class javax/swing/KeyStroke$1 done
Event: 0.702 loading class sun/awt/windows/WKeyboardFocusManagerPeer
Event: 0.702 loading class sun/awt/KeyboardFocusManagerPeerImpl
Event: 0.702 loading class java/awt/peer/KeyboardFocusManagerPeer
Event: 0.702 loading class java/awt/peer/KeyboardFocusManagerPeer done
Event: 0.702 loading class sun/awt/KeyboardFocusManagerPeerImpl done
Event: 0.702 loading class sun/awt/windows/WKeyboardFocusManagerPeer done
Event: 0.703 loading class javax/swing/JComponent$1
Event: 0.703 loading class sun/swing/SwingAccessor$JComponentAccessor
Event: 0.703 loading class sun/swing/SwingAccessor$JComponentAccessor done
Event: 0.703 loading class javax/swing/JComponent$1 done
Event: 0.703 loading class javax/swing/JComponent$2
Event: 0.703 loading class javax/swing/JComponent$2 done
Event: 0.703 loading class javax/swing/SwingUtilities
Event: 0.704 Executing VM operation: CollectForMetadataAllocation


Dynamic libraries:
0x00007ff60b180000 - 0x00007ff60b18d000 	C:\Users\Pichau\.p2\pool\plugins\org.eclipse.justj.openjdk.hotspot.jre.full.win32.x86_64_15.0.2.v20210201-0955\jre\bin\javaw.exe
0x00007ffc4c800000 - 0x00007ffc4c9f0000 	C:\Windows\SYSTEM32\ntdll.dll
0x00007ffc36e20000 - 0x00007ffc36e35000 	C:\Program Files\Avast Software\Avast\aswhook.dll
0x00007ffc4ac00000 - 0x00007ffc4acb2000 	C:\Windows\System32\KERNEL32.DLL
0x00007ffc49ba0000 - 0x00007ffc49e45000 	C:\Windows\System32\KERNELBASE.dll
0x00007ffc49a80000 - 0x00007ffc49b7a000 	C:\Windows\System32\ucrtbase.dll
0x00007ffc34100000 - 0x00007ffc34118000 	C:\Users\Pichau\.p2\pool\plugins\org.eclipse.justj.openjdk.hotspot.jre.full.win32.x86_64_15.0.2.v20210201-0955\jre\bin\jli.dll
0x00007ffc4bac0000 - 0x00007ffc4bc54000 	C:\Windows\System32\USER32.dll
0x00007ffc49ef0000 - 0x00007ffc49f11000 	C:\Windows\System32\win32u.dll
0x00007ffc4aac0000 - 0x00007ffc4aae6000 	C:\Windows\System32\GDI32.dll
0x00007ffc498b0000 - 0x00007ffc49a48000 	C:\Windows\System32\gdi32full.dll
0x00007ffc49e50000 - 0x00007ffc49eee000 	C:\Windows\System32\msvcp_win.dll
0x00007ffc3b480000 - 0x00007ffc3b704000 	C:\Windows\WinSxS\amd64_microsoft.windows.common-controls_6595b64144ccf1df_6.0.18362.1500_none_9e79be6de462295c\COMCTL32.dll
0x00007ffc4c710000 - 0x00007ffc4c7ae000 	C:\Windows\System32\msvcrt.dll
0x00007ffc4b780000 - 0x00007ffc4bab6000 	C:\Windows\System32\combase.dll
0x00007ffc4aea0000 - 0x00007ffc4afbf000 	C:\Windows\System32\RPCRT4.dll
0x00007ffc33580000 - 0x00007ffc33599000 	C:\Users\Pichau\.p2\pool\plugins\org.eclipse.justj.openjdk.hotspot.jre.full.win32.x86_64_15.0.2.v20210201-0955\jre\bin\VCRUNTIME140.dll
0x00007ffc49770000 - 0x00007ffc497f1000 	C:\Windows\System32\bcryptPrimitives.dll
0x00007ffc4acc0000 - 0x00007ffc4acee000 	C:\Windows\System32\IMM32.DLL
0x00007ffc3eb10000 - 0x00007ffc3eb1c000 	C:\Users\Pichau\.p2\pool\plugins\org.eclipse.justj.openjdk.hotspot.jre.full.win32.x86_64_15.0.2.v20210201-0955\jre\bin\vcruntime140_1.dll
0x00007ffc2a070000 - 0x00007ffc2a101000 	C:\Users\Pichau\.p2\pool\plugins\org.eclipse.justj.openjdk.hotspot.jre.full.win32.x86_64_15.0.2.v20210201-0955\jre\bin\msvcp140.dll
0x00007ffbdd3b0000 - 0x00007ffbddf0e000 	C:\Users\Pichau\.p2\pool\plugins\org.eclipse.justj.openjdk.hotspot.jre.full.win32.x86_64_15.0.2.v20210201-0955\jre\bin\server\jvm.dll
0x00007ffc4a8b0000 - 0x00007ffc4a953000 	C:\Windows\System32\ADVAPI32.dll
0x00007ffc4bf50000 - 0x00007ffc4bfe7000 	C:\Windows\System32\sechost.dll
0x00007ffc4bc80000 - 0x00007ffc4bc88000 	C:\Windows\System32\PSAPI.DLL
0x00007ffc3b350000 - 0x00007ffc3b359000 	C:\Windows\SYSTEM32\WSOCK32.dll
0x00007ffc4bc90000 - 0x00007ffc4bcff000 	C:\Windows\System32\WS2_32.dll
0x00007ffc477c0000 - 0x00007ffc477e4000 	C:\Windows\SYSTEM32\WINMM.dll
0x00007ffc43db0000 - 0x00007ffc43dba000 	C:\Windows\SYSTEM32\VERSION.dll
0x00007ffc47690000 - 0x00007ffc476bd000 	C:\Windows\SYSTEM32\WINMMBASE.dll
0x00007ffc49f20000 - 0x00007ffc49f6a000 	C:\Windows\System32\cfgmgr32.dll
0x00007ffc496c0000 - 0x00007ffc496d1000 	C:\Windows\System32\kernel.appcore.dll
0x00007ffc3f510000 - 0x00007ffc3f51a000 	C:\Users\Pichau\.p2\pool\plugins\org.eclipse.justj.openjdk.hotspot.jre.full.win32.x86_64_15.0.2.v20210201-0955\jre\bin\jimage.dll
0x00007ffc44320000 - 0x00007ffc44514000 	C:\Windows\SYSTEM32\DBGHELP.DLL
0x00007ffc42890000 - 0x00007ffc428ba000 	C:\Windows\SYSTEM32\dbgcore.DLL
0x00007ffc30aa0000 - 0x00007ffc30ac5000 	C:\Users\Pichau\.p2\pool\plugins\org.eclipse.justj.openjdk.hotspot.jre.full.win32.x86_64_15.0.2.v20210201-0955\jre\bin\java.dll
0x00007ffc3ebb0000 - 0x00007ffc3ebc8000 	C:\Users\Pichau\.p2\pool\plugins\org.eclipse.justj.openjdk.hotspot.jre.full.win32.x86_64_15.0.2.v20210201-0955\jre\bin\zip.dll
0x00007ffc4b090000 - 0x00007ffc4b778000 	C:\Windows\System32\SHELL32.dll
0x00007ffc4ab50000 - 0x00007ffc4abf7000 	C:\Windows\System32\shcore.dll
0x00007ffc4a0d0000 - 0x00007ffc4a84b000 	C:\Windows\System32\windows.storage.dll
0x00007ffc49730000 - 0x00007ffc4974e000 	C:\Windows\System32\profapi.dll
0x00007ffc496e0000 - 0x00007ffc4972a000 	C:\Windows\System32\powrprof.dll
0x00007ffc496b0000 - 0x00007ffc496c0000 	C:\Windows\System32\UMPDC.dll
0x00007ffc4c600000 - 0x00007ffc4c652000 	C:\Windows\System32\shlwapi.dll
0x00007ffc49b80000 - 0x00007ffc49b97000 	C:\Windows\System32\cryptsp.dll
0x00007ffc13490000 - 0x00007ffc1360f000 	C:\Users\Pichau\.p2\pool\plugins\org.eclipse.justj.openjdk.hotspot.jre.full.win32.x86_64_15.0.2.v20210201-0955\jre\bin\awt.dll
0x00007ffc4afc0000 - 0x00007ffc4b085000 	C:\Windows\System32\OLEAUT32.dll
0x00007ffc47920000 - 0x00007ffc479af000 	C:\Windows\SYSTEM32\apphelp.dll
0x00007ffc47e40000 - 0x00007ffc47e6d000 	C:\Windows\system32\DWMAPI.DLL
0x00007ffc479f0000 - 0x00007ffc47a89000 	C:\Windows\system32\uxtheme.dll
0x00007ffc1cc30000 - 0x00007ffc1cd86000 	C:\Windows\system32\opengl32.dll
0x00007ffc373a0000 - 0x00007ffc373cc000 	C:\Windows\SYSTEM32\GLU32.dll
0x00007ffc48360000 - 0x00007ffc48380000 	C:\Windows\SYSTEM32\dxcore.dll
0x00007ffc4c460000 - 0x00007ffc4c595000 	C:\Windows\System32\MSCTF.dll
0x00007ffc4a960000 - 0x00007ffc4aab7000 	C:\Windows\System32\ole32.dll
0x00007ffc1ced0000 - 0x00007ffc1d097000 	C:\Windows\system32\d3d9.dll
0x00007ffc41a40000 - 0x00007ffc41c1b000 	C:\Windows\System32\DriverStore\FileRepository\u0360470.inf_amd64_35c64671e7fac064\B360357\aticfx64.dll
0x00007ffc32b90000 - 0x00007ffc32bc3000 	C:\Windows\System32\DriverStore\FileRepository\u0360470.inf_amd64_35c64671e7fac064\B360357\atiu9p64.dll
0x00007ffbdc710000 - 0x00007ffbdd3a6000 	C:\Windows\System32\DriverStore\FileRepository\u0360470.inf_amd64_35c64671e7fac064\B360357\atiumd64.dll
0x000000006f820000 - 0x0000000070699000 	C:\Windows\System32\DriverStore\FileRepository\u0360470.inf_amd64_35c64671e7fac064\B360357\atiumd6a.dll
0x00007ffc478d0000 - 0x00007ffc478ff000 	C:\Windows\SYSTEM32\amdihk64.dll

dbghelp: loaded successfully - version: 4.0.5 - missing functions: none
symbol engine: initialized successfully - sym options: 0x614 - pdb path: .;C:\Users\Pichau\.p2\pool\plugins\org.eclipse.justj.openjdk.hotspot.jre.full.win32.x86_64_15.0.2.v20210201-0955\jre\bin;C:\Windows\SYSTEM32;C:\Program Files\Avast Software\Avast;C:\Windows\WinSxS\amd64_microsoft.windows.common-controls_6595b64144ccf1df_6.0.18362.1500_none_9e79be6de462295c;C:\Users\Pichau\.p2\pool\plugins\org.eclipse.justj.openjdk.hotspot.jre.full.win32.x86_64_15.0.2.v20210201-0955\jre\bin\server;C:\Windows\System32\DriverStore\FileRepository\u0360470.inf_amd64_35c64671e7fac064\B360357

VM Arguments:
jvm_args: -Dfile.encoding=Cp1252 -XX:+ShowCodeDetailsInExceptionMessages 
java_command: ExercicioPratico_17_Setembro.EX_5_1B
java_class_path (initial): C:\Users\Pichau\Desktop\eclipse\Semestre awt e swing\bin
Launcher Type: SUN_STANDARD

[Global flags]
     intx CICompilerCount                          = 3                                         {product} {ergonomic}
     uint ConcGCThreads                            = 1                                         {product} {ergonomic}
     uint G1ConcRefinementThreads                  = 4                                         {product} {ergonomic}
   size_t G1HeapRegionSize                         = 1048576                                   {product} {ergonomic}
    uintx GCDrainStackTargetSize                   = 64                                        {product} {ergonomic}
   size_t InitialHeapSize                          = 100663296                                 {product} {ergonomic}
   size_t MarkStackSize                            = 4194304                                   {product} {ergonomic}
   size_t MaxHeapSize                              = 1598029824                                {product} {ergonomic}
   size_t MaxNewSize                               = 958398464                                 {product} {ergonomic}
   size_t MinHeapDeltaBytes                        = 1048576                                   {product} {ergonomic}
   size_t MinHeapSize                              = 8388608                                   {product} {ergonomic}
    uintx NonNMethodCodeHeapSize                   = 5832780                                {pd product} {ergonomic}
    uintx NonProfiledCodeHeapSize                  = 122912730                              {pd product} {ergonomic}
    uintx ProfiledCodeHeapSize                     = 122912730                              {pd product} {ergonomic}
    uintx ReservedCodeCacheSize                    = 251658240                              {pd product} {ergonomic}
     bool SegmentedCodeCache                       = true                                      {product} {ergonomic}
     bool ShowCodeDetailsInExceptionMessages       = true                                   {manageable} {command line}
   size_t SoftMaxHeapSize                          = 1598029824                             {manageable} {ergonomic}
     bool UseCompressedClassPointers               = true                                 {lp64_product} {ergonomic}
     bool UseCompressedOops                        = true                                 {lp64_product} {ergonomic}
     bool UseG1GC                                  = true                                      {product} {ergonomic}
     bool UseLargePagesIndividualAllocation        = false                                  {pd product} {ergonomic}

Logging:
Log output configuration:
 #0: stdout all=warning uptime,level,tags
 #1: stderr all=off uptime,level,tags

Environment Variables:
PATH=C:/Users/Pichau/.p2/pool/plugins/org.eclipse.justj.openjdk.hotspot.jre.full.win32.x86_64_15.0.2.v20210201-0955/jre/bin/server;C:/Users/Pichau/.p2/pool/plugins/org.eclipse.justj.openjdk.hotspot.jre.full.win32.x86_64_15.0.2.v20210201-0955/jre/bin;C:\Program Files (x86)\Common Files\Oracle\Java\javapath;C:\Windows\system32;C:\Windows;C:\Windows\System32\Wbem;C:\Windows\System32\WindowsPowerShell\v1.0\;C:\Windows\System32\OpenSSH\;C:\Users\Pichau\AppData\Local\Microsoft\WindowsApps;;C:\Users\Pichau\AppData\Local\Programs\Microsoft VS Code\bin;C:\Users\Pichau\Desktop;
USERNAME=Pichau
OS=Windows_NT
PROCESSOR_IDENTIFIER=AMD64 Family 23 Model 24 Stepping 1, AuthenticAMD



---------------  S Y S T E M  ---------------

OS:
 Windows 10 , 64 bit Build 18362 (10.0.18362.1500)
OS uptime: 18 days 20:10 hours

CPU: total 4 (initial active 4) (4 cores per cpu, 2 threads per core) family 23 model 24 stepping 1 microcode 0x0, cmov, cx8, fxsr, mmx, sse, sse2, sse3, ssse3, sse4.1, sse4.2, popcnt, vzeroupper, avx, avx2, aes, clmul, 3dnowpref, lzcnt, sse4a, ht, tsc, tscinvbit, tscinv, bmi1, bmi2, adx, sha, fma, clflush, clflushopt

Memory: 4k page, system-wide physical 6095M (392M free)
TotalPageFile size 20339M (AvailPageFile size 3M)
current process WorkingSet (physical memory assigned to process): 53M, peak: 53M
current process commit charge ("private bytes"): 184M, peak: 185M

vm_info: OpenJDK 64-Bit Server VM (15.0.2+7-27) for windows-amd64 JRE (15.0.2+7-27), built on Dec  7 2020 20:02:38 by "mach5one" with unknown MS VC++:1925

END.
